{"/home/travis/build/npmtest/node-npmtest-superlogin/test.js":{"path":"/home/travis/build/npmtest/node-npmtest-superlogin/test.js","s":{"1":2,"2":2,"3":2,"4":2,"5":2,"6":2,"7":2,"8":1,"9":2,"10":2,"11":1,"12":1,"13":1,"14":1,"15":2,"16":2,"17":2,"18":2,"19":1,"20":1,"21":2,"22":2,"23":2,"24":1,"25":1,"26":1,"27":1,"28":1,"29":1,"30":1,"31":1,"32":1,"33":1,"34":1,"35":1,"36":1,"37":1,"38":1,"39":2,"40":2,"41":1,"42":2,"43":2,"44":1,"45":2,"46":2,"47":1,"48":2,"49":2,"50":1,"51":1,"52":1,"53":1,"54":1},"b":{"1":[2,1,1,1],"2":[1,1,1,1],"3":[1,1],"4":[1,1],"5":[1,1],"6":[1,1],"7":[1,1],"8":[1,1],"9":[1,1],"10":[1,1,1],"11":[1,1],"12":[1,1],"13":[1,1],"14":[1,1],"15":[1,1],"16":[1,1],"17":[1,1]},"f":{"1":2,"2":2,"3":2,"4":2,"5":2,"6":1,"7":1,"8":1,"9":2,"10":2,"11":2,"12":2,"13":1},"fnMap":{"1":{"name":"(anonymous_1)","line":12,"loc":{"start":{"line":12,"column":1},"end":{"line":12,"column":13}}},"2":{"name":"(anonymous_2)","line":19,"loc":{"start":{"line":19,"column":5},"end":{"line":19,"column":17}}},"3":{"name":"(anonymous_3)","line":23,"loc":{"start":{"line":23,"column":24},"end":{"line":23,"column":36}}},"4":{"name":"(anonymous_4)","line":61,"loc":{"start":{"line":61,"column":5},"end":{"line":61,"column":17}}},"5":{"name":"(anonymous_5)","line":82,"loc":{"start":{"line":82,"column":5},"end":{"line":82,"column":17}}},"6":{"name":"(anonymous_6)","line":91,"loc":{"start":{"line":91,"column":77},"end":{"line":94,"column":10}}},"7":{"name":"(anonymous_7)","line":112,"loc":{"start":{"line":112,"column":83},"end":{"line":115,"column":10}},"skip":true},"8":{"name":"(anonymous_8)","line":123,"loc":{"start":{"line":123,"column":77},"end":{"line":126,"column":10}},"skip":true},"9":{"name":"(anonymous_9)","line":139,"loc":{"start":{"line":139,"column":12},"end":{"line":139,"column":40}},"skip":true},"10":{"name":"(anonymous_10)","line":147,"loc":{"start":{"line":147,"column":77},"end":{"line":150,"column":10}},"skip":true},"11":{"name":"(anonymous_11)","line":158,"loc":{"start":{"line":158,"column":83},"end":{"line":161,"column":10}},"skip":true},"12":{"name":"(anonymous_12)","line":169,"loc":{"start":{"line":169,"column":79},"end":{"line":172,"column":10}},"skip":true},"13":{"name":"(anonymous_13)","line":180,"loc":{"start":{"line":180,"column":75},"end":{"line":183,"column":10}},"skip":true}},"statementMap":{"1":{"start":{"line":12,"column":0},"end":{"line":195,"column":5}},"2":{"start":{"line":14,"column":4},"end":{"line":14,"column":14}},"3":{"start":{"line":19,"column":4},"end":{"line":56,"column":9}},"4":{"start":{"line":21,"column":8},"end":{"line":21,"column":19}},"5":{"start":{"line":23,"column":8},"end":{"line":35,"column":13}},"6":{"start":{"line":24,"column":12},"end":{"line":34,"column":13}},"7":{"start":{"line":25,"column":16},"end":{"line":28,"column":30}},"8":{"start":{"line":30,"column":16},"end":{"line":33,"column":27}},"9":{"start":{"line":37,"column":8},"end":{"line":39,"column":21}},"10":{"start":{"line":40,"column":8},"end":{"line":53,"column":9}},"11":{"start":{"line":43,"column":12},"end":{"line":46,"column":14}},"12":{"start":{"line":47,"column":12},"end":{"line":47,"column":18}},"13":{"start":{"line":50,"column":12},"end":{"line":51,"column":33}},"14":{"start":{"line":52,"column":12},"end":{"line":52,"column":18}},"15":{"start":{"line":55,"column":8},"end":{"line":55,"column":35}},"16":{"start":{"line":61,"column":4},"end":{"line":63,"column":9}},"17":{"start":{"line":62,"column":8},"end":{"line":62,"column":15}},"18":{"start":{"line":64,"column":4},"end":{"line":77,"column":5}},"19":{"start":{"line":70,"column":8},"end":{"line":70,"column":14}},"20":{"start":{"line":76,"column":8},"end":{"line":76,"column":14}},"21":{"start":{"line":82,"column":4},"end":{"line":84,"column":9}},"22":{"start":{"line":83,"column":8},"end":{"line":83,"column":15}},"23":{"start":{"line":85,"column":4},"end":{"line":194,"column":5}},"24":{"start":{"line":91,"column":8},"end":{"line":99,"column":10}},"25":{"start":{"line":98,"column":12},"end":{"line":98,"column":35}},"26":{"start":{"line":102,"column":8},"end":{"line":104,"column":63}},"27":{"start":{"line":105,"column":8},"end":{"line":105,"column":14}},"28":{"start":{"line":112,"column":8},"end":{"line":121,"column":10},"skip":true},"29":{"start":{"line":119,"column":12},"end":{"line":119,"column":55},"skip":true},"30":{"start":{"line":120,"column":12},"end":{"line":120,"column":48},"skip":true},"31":{"start":{"line":123,"column":8},"end":{"line":136,"column":10},"skip":true},"32":{"start":{"line":130,"column":12},"end":{"line":130,"column":76},"skip":true},"33":{"start":{"line":131,"column":12},"end":{"line":131,"column":73},"skip":true},"34":{"start":{"line":132,"column":12},"end":{"line":132,"column":74},"skip":true},"35":{"start":{"line":133,"column":12},"end":{"line":133,"column":79},"skip":true},"36":{"start":{"line":134,"column":12},"end":{"line":134,"column":25},"skip":true},"37":{"start":{"line":135,"column":12},"end":{"line":135,"column":45},"skip":true},"38":{"start":{"line":138,"column":8},"end":{"line":145,"column":14},"skip":true},"39":{"start":{"line":143,"column":16},"end":{"line":143,"column":29},"skip":true},"40":{"start":{"line":144,"column":16},"end":{"line":144,"column":55},"skip":true},"41":{"start":{"line":147,"column":8},"end":{"line":156,"column":10},"skip":true},"42":{"start":{"line":154,"column":12},"end":{"line":154,"column":25},"skip":true},"43":{"start":{"line":155,"column":12},"end":{"line":155,"column":45},"skip":true},"44":{"start":{"line":158,"column":8},"end":{"line":167,"column":10},"skip":true},"45":{"start":{"line":165,"column":12},"end":{"line":165,"column":25},"skip":true},"46":{"start":{"line":166,"column":12},"end":{"line":166,"column":48},"skip":true},"47":{"start":{"line":169,"column":8},"end":{"line":178,"column":10},"skip":true},"48":{"start":{"line":176,"column":12},"end":{"line":176,"column":25},"skip":true},"49":{"start":{"line":177,"column":12},"end":{"line":177,"column":46},"skip":true},"50":{"start":{"line":180,"column":8},"end":{"line":189,"column":10},"skip":true},"51":{"start":{"line":187,"column":12},"end":{"line":187,"column":94},"skip":true},"52":{"start":{"line":188,"column":12},"end":{"line":188,"column":48},"skip":true},"53":{"start":{"line":192,"column":8},"end":{"line":192,"column":35},"skip":true},"54":{"start":{"line":193,"column":8},"end":{"line":193,"column":14},"skip":true}},"branchMap":{"1":{"line":25,"type":"binary-expr","locations":[{"start":{"line":25,"column":23},"end":{"line":25,"column":62}},{"start":{"line":26,"column":20},"end":{"line":26,"column":70}},{"start":{"line":27,"column":20},"end":{"line":27,"column":71}},{"start":{"line":28,"column":20},"end":{"line":28,"column":29}}]},"2":{"line":30,"type":"binary-expr","locations":[{"start":{"line":30,"column":23},"end":{"line":30,"column":37}},{"start":{"line":31,"column":20},"end":{"line":31,"column":61}},{"start":{"line":32,"column":20},"end":{"line":32,"column":70}},{"start":{"line":33,"column":20},"end":{"line":33,"column":26}}]},"3":{"line":37,"type":"cond-expr","locations":[{"start":{"line":38,"column":14},"end":{"line":38,"column":20}},{"start":{"line":39,"column":14},"end":{"line":39,"column":20}}]},"4":{"line":40,"type":"switch","locations":[{"start":{"line":42,"column":8},"end":{"line":47,"column":18}},{"start":{"line":49,"column":8},"end":{"line":52,"column":18}}]},"5":{"line":44,"type":"binary-expr","locations":[{"start":{"line":44,"column":16},"end":{"line":44,"column":44}},{"start":{"line":44,"column":48},"end":{"line":44,"column":66}}]},"6":{"line":50,"type":"binary-expr","locations":[{"start":{"line":50,"column":21},"end":{"line":50,"column":49}},{"start":{"line":50,"column":53},"end":{"line":50,"column":72}}]},"7":{"line":64,"type":"switch","locations":[{"start":{"line":69,"column":4},"end":{"line":70,"column":14}},{"start":{"line":75,"column":4},"end":{"line":76,"column":14}}]},"8":{"line":85,"type":"switch","locations":[{"start":{"line":90,"column":4},"end":{"line":105,"column":14}},{"start":{"line":111,"column":4},"end":{"line":193,"column":14},"skip":true}]},"9":{"line":91,"type":"binary-expr","locations":[{"start":{"line":91,"column":42},"end":{"line":91,"column":73}},{"start":{"line":91,"column":77},"end":{"line":99,"column":9}}]},"10":{"line":102,"type":"binary-expr","locations":[{"start":{"line":102,"column":18},"end":{"line":102,"column":32}},{"start":{"line":103,"column":12},"end":{"line":103,"column":53}},{"start":{"line":104,"column":12},"end":{"line":104,"column":61}}]},"11":{"line":112,"type":"binary-expr","locations":[{"start":{"line":112,"column":45},"end":{"line":112,"column":79},"skip":true},{"start":{"line":112,"column":83},"end":{"line":121,"column":9},"skip":true}]},"12":{"line":123,"type":"binary-expr","locations":[{"start":{"line":123,"column":42},"end":{"line":123,"column":73},"skip":true},{"start":{"line":123,"column":77},"end":{"line":136,"column":9},"skip":true}]},"13":{"line":138,"type":"binary-expr","locations":[{"start":{"line":138,"column":48},"end":{"line":138,"column":85},"skip":true},{"start":{"line":139,"column":12},"end":{"line":145,"column":13},"skip":true}]},"14":{"line":147,"type":"binary-expr","locations":[{"start":{"line":147,"column":42},"end":{"line":147,"column":73},"skip":true},{"start":{"line":147,"column":77},"end":{"line":156,"column":9},"skip":true}]},"15":{"line":158,"type":"binary-expr","locations":[{"start":{"line":158,"column":45},"end":{"line":158,"column":79},"skip":true},{"start":{"line":158,"column":83},"end":{"line":167,"column":9},"skip":true}]},"16":{"line":169,"type":"binary-expr","locations":[{"start":{"line":169,"column":43},"end":{"line":169,"column":75},"skip":true},{"start":{"line":169,"column":79},"end":{"line":178,"column":9},"skip":true}]},"17":{"line":180,"type":"binary-expr","locations":[{"start":{"line":180,"column":41},"end":{"line":180,"column":71},"skip":true},{"start":{"line":180,"column":75},"end":{"line":189,"column":9},"skip":true}]}},"code":["/* istanbul instrument in package npmtest_superlogin */","/*jslint","    bitwise: true,","    browser: true,","    maxerr: 8,","    maxlen: 96,","    node: true,","    nomen: true,","    regexp: true,","    stupid: true","*/","(function () {","    'use strict';","    var local;","","","","    // run shared js-env code - pre-init","    (function () {","        // init local","        local = {};","        // init modeJs","        local.modeJs = (function () {","            try {","                return typeof navigator.userAgent === 'string' &&","                    typeof document.querySelector('body') === 'object' &&","                    typeof XMLHttpRequest.prototype.open === 'function' &&","                    'browser';","            } catch (errorCaughtBrowser) {","                return module.exports &&","                    typeof process.versions.node === 'string' &&","                    typeof require('http').createServer === 'function' &&","                    'node';","            }","        }());","        // init global","        local.global = local.modeJs === 'browser'","            ? window","            : global;","        switch (local.modeJs) {","        // re-init local from window.local","        case 'browser':","            local = local.global.utility2.objectSetDefault(","                local.global.utility2_rollup || local.global.local,","                local.global.utility2","            );","            break;","        // re-init local from example.js","        case 'node':","            local = (local.global.utility2_rollup || require('utility2'))","                .requireReadme();","            break;","        }","        // export local","        local.global.local = local;","    }());","","","","    // run shared js-env code - function","    (function () {","        return;","    }());","    switch (local.modeJs) {","","","","    // run browser js-env code - function","    case 'browser':","        break;","","","","    // run node js-env code - function","    case 'node':","        break;","    }","","","","    // run shared js-env code - post-init","    (function () {","        return;","    }());","    switch (local.modeJs) {","","","","    // run browser js-env code - post-init","    case 'browser':","        local.testCase_browser_nullCase = local.testCase_browser_nullCase || function (","            options,","            onError","        ) {","        /*","         * this function will test browsers's null-case handling-behavior-behavior","         */","            onError(null, options);","        };","","        // run tests","        local.nop(local.modeTest &&","            document.querySelector('#testRunButton1') &&","            document.querySelector('#testRunButton1').click());","        break;","","","","    // run node js-env code - post-init","    /* istanbul ignore next */","    case 'node':","        local.testCase_buildApidoc_default = local.testCase_buildApidoc_default || function (","            options,","            onError","        ) {","        /*","         * this function will test buildApidoc's default handling-behavior-behavior","         */","            options = { modulePathList: module.paths };","            local.buildApidoc(options, onError);","        };","","        local.testCase_buildApp_default = local.testCase_buildApp_default || function (","            options,","            onError","        ) {","        /*","         * this function will test buildApp's default handling-behavior-behavior","         */","            local.testCase_buildReadme_default(options, local.onErrorThrow);","            local.testCase_buildLib_default(options, local.onErrorThrow);","            local.testCase_buildTest_default(options, local.onErrorThrow);","            local.testCase_buildCustomOrg_default(options, local.onErrorThrow);","            options = [];","            local.buildApp(options, onError);","        };","","        local.testCase_buildCustomOrg_default = local.testCase_buildCustomOrg_default ||","            function (options, onError) {","            /*","             * this function will test buildCustomOrg's default handling-behavior","             */","                options = {};","                local.buildCustomOrg(options, onError);","            };","","        local.testCase_buildLib_default = local.testCase_buildLib_default || function (","            options,","            onError","        ) {","        /*","         * this function will test buildLib's default handling-behavior","         */","            options = {};","            local.buildLib(options, onError);","        };","","        local.testCase_buildReadme_default = local.testCase_buildReadme_default || function (","            options,","            onError","        ) {","        /*","         * this function will test buildReadme's default handling-behavior-behavior","         */","            options = {};","            local.buildReadme(options, onError);","        };","","        local.testCase_buildTest_default = local.testCase_buildTest_default || function (","            options,","            onError","        ) {","        /*","         * this function will test buildTest's default handling-behavior","         */","            options = {};","            local.buildTest(options, onError);","        };","","        local.testCase_webpage_default = local.testCase_webpage_default || function (","            options,","            onError","        ) {","        /*","         * this function will test webpage's default handling-behavior","         */","            options = { modeCoverageMerge: true, url: local.serverLocalHost + '?modeTest=1' };","            local.browserTest(options, onError);","        };","","        // run test-server","        local.testRunServer(local);","        break;","    }","}());",""],"l":{"12":2,"14":2,"19":2,"21":2,"23":2,"24":2,"25":2,"30":1,"37":2,"40":2,"43":1,"47":1,"50":1,"52":1,"55":2,"61":2,"62":2,"64":2,"70":1,"76":1,"82":2,"83":2,"85":2,"91":1,"98":1,"102":1,"105":1,"112":1,"119":1,"120":1,"123":1,"130":1,"131":1,"132":1,"133":1,"134":1,"135":1,"138":1,"143":2,"144":2,"147":1,"154":2,"155":2,"158":1,"165":2,"166":2,"169":1,"176":2,"177":2,"180":1,"187":1,"188":1,"192":1,"193":1}},"/home/travis/build/npmtest/node-npmtest-superlogin/lib.npmtest_superlogin.js":{"path":"/home/travis/build/npmtest/node-npmtest-superlogin/lib.npmtest_superlogin.js","s":{"1":2,"2":2,"3":2,"4":2,"5":2,"6":2,"7":2,"8":1,"9":2,"10":2,"11":2,"12":2,"13":1,"14":1,"15":1,"16":1},"b":{"1":[2,1,1,1],"2":[1,1,1,1],"3":[1,1],"4":[2,2],"5":[1,1]},"f":{"1":2,"2":2,"3":2},"fnMap":{"1":{"name":"(anonymous_1)","line":12,"loc":{"start":{"line":12,"column":1},"end":{"line":12,"column":13}}},"2":{"name":"(anonymous_2)","line":19,"loc":{"start":{"line":19,"column":5},"end":{"line":19,"column":17}}},"3":{"name":"(anonymous_3)","line":23,"loc":{"start":{"line":23,"column":24},"end":{"line":23,"column":36}}}},"statementMap":{"1":{"start":{"line":12,"column":0},"end":{"line":53,"column":5}},"2":{"start":{"line":14,"column":4},"end":{"line":14,"column":14}},"3":{"start":{"line":19,"column":4},"end":{"line":52,"column":9}},"4":{"start":{"line":21,"column":8},"end":{"line":21,"column":19}},"5":{"start":{"line":23,"column":8},"end":{"line":35,"column":13}},"6":{"start":{"line":24,"column":12},"end":{"line":34,"column":13}},"7":{"start":{"line":25,"column":16},"end":{"line":28,"column":30}},"8":{"start":{"line":30,"column":16},"end":{"line":33,"column":27}},"9":{"start":{"line":37,"column":8},"end":{"line":39,"column":21}},"10":{"start":{"line":41,"column":8},"end":{"line":41,"column":54}},"11":{"start":{"line":43,"column":8},"end":{"line":43,"column":55}},"12":{"start":{"line":45,"column":8},"end":{"line":51,"column":9}},"13":{"start":{"line":46,"column":12},"end":{"line":46,"column":61}},"14":{"start":{"line":48,"column":12},"end":{"line":48,"column":35}},"15":{"start":{"line":49,"column":12},"end":{"line":49,"column":49}},"16":{"start":{"line":50,"column":12},"end":{"line":50,"column":43}}},"branchMap":{"1":{"line":25,"type":"binary-expr","locations":[{"start":{"line":25,"column":23},"end":{"line":25,"column":62}},{"start":{"line":26,"column":20},"end":{"line":26,"column":70}},{"start":{"line":27,"column":20},"end":{"line":27,"column":71}},{"start":{"line":28,"column":20},"end":{"line":28,"column":29}}]},"2":{"line":30,"type":"binary-expr","locations":[{"start":{"line":30,"column":23},"end":{"line":30,"column":37}},{"start":{"line":31,"column":20},"end":{"line":31,"column":61}},{"start":{"line":32,"column":20},"end":{"line":32,"column":70}},{"start":{"line":33,"column":20},"end":{"line":33,"column":26}}]},"3":{"line":37,"type":"cond-expr","locations":[{"start":{"line":38,"column":14},"end":{"line":38,"column":20}},{"start":{"line":39,"column":14},"end":{"line":39,"column":20}}]},"4":{"line":41,"type":"binary-expr","locations":[{"start":{"line":41,"column":16},"end":{"line":41,"column":44}},{"start":{"line":41,"column":48},"end":{"line":41,"column":53}}]},"5":{"line":45,"type":"if","locations":[{"start":{"line":45,"column":8},"end":{"line":45,"column":8}},{"start":{"line":45,"column":8},"end":{"line":45,"column":8}}]}},"code":["/* istanbul instrument in package npmtest_superlogin */","/*jslint","    bitwise: true,","    browser: true,","    maxerr: 8,","    maxlen: 96,","    node: true,","    nomen: true,","    regexp: true,","    stupid: true","*/","(function () {","    'use strict';","    var local;","","","","    // run shared js-env code - pre-init","    (function () {","        // init local","        local = {};","        // init modeJs","        local.modeJs = (function () {","            try {","                return typeof navigator.userAgent === 'string' &&","                    typeof document.querySelector('body') === 'object' &&","                    typeof XMLHttpRequest.prototype.open === 'function' &&","                    'browser';","            } catch (errorCaughtBrowser) {","                return module.exports &&","                    typeof process.versions.node === 'string' &&","                    typeof require('http').createServer === 'function' &&","                    'node';","            }","        }());","        // init global","        local.global = local.modeJs === 'browser'","            ? window","            : global;","        // init utility2_rollup","        local = local.global.utility2_rollup || local;","        // init lib","        local.local = local.npmtest_superlogin = local;","        // init exports","        if (local.modeJs === 'browser') {","            local.global.utility2_npmtest_superlogin = local;","        } else {","            module.exports = local;","            module.exports.__dirname = __dirname;","            module.exports.module = module;","        }","    }());","}());",""],"l":{"12":2,"14":2,"19":2,"21":2,"23":2,"24":2,"25":2,"30":1,"37":2,"41":2,"43":2,"45":2,"46":1,"48":1,"49":1,"50":1}},"/home/travis/build/npmtest/node-npmtest-superlogin/example.js":{"path":"/home/travis/build/npmtest/node-npmtest-superlogin/example.js","s":{"1":2,"2":2,"3":2,"4":2,"5":2,"6":2,"7":2,"8":1,"9":2,"10":2,"11":2,"12":2,"13":1,"14":2,"15":2,"16":2,"17":2,"18":2,"19":0,"20":2,"21":1,"22":1,"23":1,"24":1,"25":1,"26":0,"27":0,"28":1,"29":1,"30":2,"31":0,"32":0,"33":0,"34":1,"35":2,"36":2,"37":3,"38":3,"39":3,"40":3,"41":0,"42":3,"43":3,"44":3,"45":1,"46":3,"47":1,"48":1,"49":1,"50":1,"51":1,"52":1,"53":1,"54":1,"55":1,"56":1,"57":0,"58":1,"59":6,"60":6,"61":1,"62":2,"63":0,"64":2,"65":1,"66":1,"67":0,"68":0,"69":0,"70":0,"71":0,"72":0,"73":0,"74":0,"75":0,"76":0,"77":0,"78":0,"79":0,"80":0,"81":0,"82":0,"83":0},"b":{"1":[2,1,1,1],"2":[1,1,1,1],"3":[1,1],"4":[2,2],"5":[1,1],"6":[1,1],"7":[2,0],"8":[2,1,1,1,1,1],"9":[0,2,0],"10":[1,1],"11":[2,1,1],"12":[1,0],"13":[0,2],"14":[2,0,0,0,0,0,0],"15":[0,3],"16":[3,0],"17":[1,1],"18":[0,1],"19":[1,2,0,2],"20":[1,0],"21":[1,1],"22":[0,0],"23":[0,0],"24":[0,0],"25":[0,0],"26":[0,0],"27":[0,0],"28":[0,0]},"f":{"1":2,"2":2,"3":2,"4":2,"5":2,"6":2,"7":3,"8":3,"9":3,"10":1,"11":6,"12":0},"fnMap":{"1":{"name":"(anonymous_1)","line":26,"loc":{"start":{"line":26,"column":1},"end":{"line":26,"column":13}}},"2":{"name":"(anonymous_2)","line":33,"loc":{"start":{"line":33,"column":5},"end":{"line":33,"column":17}}},"3":{"name":"(anonymous_3)","line":37,"loc":{"start":{"line":37,"column":24},"end":{"line":37,"column":36}}},"4":{"name":"(anonymous_4)","line":69,"loc":{"start":{"line":69,"column":31},"end":{"line":69,"column":48}},"skip":true},"5":{"name":"(anonymous_5)","line":78,"loc":{"start":{"line":78,"column":26},"end":{"line":78,"column":45}},"skip":true},"6":{"name":"(anonymous_6)","line":123,"loc":{"start":{"line":123,"column":33},"end":{"line":123,"column":48}},"skip":true},"7":{"name":"(anonymous_7)","line":125,"loc":{"start":{"line":125,"column":27},"end":{"line":125,"column":39}},"skip":true},"8":{"name":"(anonymous_8)","line":133,"loc":{"start":{"line":133,"column":59},"end":{"line":133,"column":74}},"skip":true},"9":{"name":"(anonymous_9)","line":143,"loc":{"start":{"line":143,"column":45},"end":{"line":143,"column":62}},"skip":true},"10":{"name":"(anonymous_10)","line":144,"loc":{"start":{"line":144,"column":73},"end":{"line":144,"column":92}},"skip":true},"11":{"name":"(anonymous_11)","line":272,"loc":{"start":{"line":272,"column":51},"end":{"line":272,"column":77}},"skip":true},"12":{"name":"(anonymous_12)","line":315,"loc":{"start":{"line":315,"column":32},"end":{"line":315,"column":61}},"skip":true}},"statementMap":{"1":{"start":{"line":26,"column":0},"end":{"line":326,"column":5}},"2":{"start":{"line":28,"column":4},"end":{"line":28,"column":14}},"3":{"start":{"line":33,"column":4},"end":{"line":60,"column":9}},"4":{"start":{"line":35,"column":8},"end":{"line":35,"column":19}},"5":{"start":{"line":37,"column":8},"end":{"line":49,"column":13}},"6":{"start":{"line":38,"column":12},"end":{"line":48,"column":13}},"7":{"start":{"line":39,"column":16},"end":{"line":42,"column":30}},"8":{"start":{"line":44,"column":16},"end":{"line":47,"column":27}},"9":{"start":{"line":51,"column":8},"end":{"line":53,"column":21}},"10":{"start":{"line":55,"column":8},"end":{"line":57,"column":45}},"11":{"start":{"line":59,"column":8},"end":{"line":59,"column":35}},"12":{"start":{"line":61,"column":4},"end":{"line":325,"column":5}},"13":{"start":{"line":69,"column":8},"end":{"line":121,"column":10},"skip":true},"14":{"start":{"line":70,"column":12},"end":{"line":88,"column":13},"skip":true},"15":{"start":{"line":76,"column":16},"end":{"line":87,"column":19},"skip":true},"16":{"start":{"line":79,"column":20},"end":{"line":86,"column":21},"skip":true},"17":{"start":{"line":82,"column":24},"end":{"line":82,"column":43},"skip":true},"18":{"start":{"line":83,"column":24},"end":{"line":83,"column":30},"skip":true},"19":{"start":{"line":85,"column":24},"end":{"line":85,"column":49},"skip":true},"20":{"start":{"line":89,"column":12},"end":{"line":107,"column":13},"skip":true},"21":{"start":{"line":92,"column":16},"end":{"line":102,"column":17},"skip":true},"22":{"start":{"line":93,"column":20},"end":{"line":93,"column":86},"skip":true},"23":{"start":{"line":94,"column":20},"end":{"line":95,"column":45},"skip":true},"24":{"start":{"line":96,"column":20},"end":{"line":96,"column":42},"skip":true},"25":{"start":{"line":97,"column":20},"end":{"line":97,"column":48},"skip":true},"26":{"start":{"line":100,"column":20},"end":{"line":100,"column":85},"skip":true},"27":{"start":{"line":101,"column":20},"end":{"line":101,"column":96},"skip":true},"28":{"start":{"line":103,"column":16},"end":{"line":103,"column":22},"skip":true},"29":{"start":{"line":106,"column":16},"end":{"line":106,"column":22},"skip":true},"30":{"start":{"line":108,"column":12},"end":{"line":120,"column":13},"skip":true},"31":{"start":{"line":114,"column":16},"end":{"line":119,"column":17},"skip":true},"32":{"start":{"line":116,"column":20},"end":{"line":116,"column":78},"skip":true},"33":{"start":{"line":118,"column":20},"end":{"line":118,"column":47},"skip":true},"34":{"start":{"line":123,"column":8},"end":{"line":141,"column":11},"skip":true},"35":{"start":{"line":124,"column":12},"end":{"line":124,"column":54},"skip":true},"36":{"start":{"line":125,"column":12},"end":{"line":140,"column":14},"skip":true},"37":{"start":{"line":126,"column":16},"end":{"line":126,"column":28},"skip":true},"38":{"start":{"line":127,"column":16},"end":{"line":127,"column":69},"skip":true},"39":{"start":{"line":128,"column":16},"end":{"line":128,"column":75},"skip":true},"40":{"start":{"line":129,"column":16},"end":{"line":131,"column":17},"skip":true},"41":{"start":{"line":130,"column":20},"end":{"line":130,"column":27},"skip":true},"42":{"start":{"line":133,"column":16},"end":{"line":137,"column":36},"skip":true},"43":{"start":{"line":134,"column":20},"end":{"line":136,"column":55},"skip":true},"44":{"start":{"line":139,"column":16},"end":{"line":139,"column":57},"skip":true},"45":{"start":{"line":143,"column":8},"end":{"line":147,"column":11},"skip":true},"46":{"start":{"line":144,"column":12},"end":{"line":146,"column":15},"skip":true},"47":{"start":{"line":145,"column":16},"end":{"line":145,"column":70},"skip":true},"48":{"start":{"line":149,"column":8},"end":{"line":149,"column":31},"skip":true},"49":{"start":{"line":150,"column":8},"end":{"line":150,"column":14},"skip":true},"50":{"start":{"line":158,"column":8},"end":{"line":158,"column":31},"skip":true},"51":{"start":{"line":160,"column":8},"end":{"line":160,"column":33},"skip":true},"52":{"start":{"line":161,"column":8},"end":{"line":161,"column":37},"skip":true},"53":{"start":{"line":162,"column":8},"end":{"line":162,"column":35},"skip":true},"54":{"start":{"line":164,"column":8},"end":{"line":164,"column":50},"skip":true},"55":{"start":{"line":166,"column":8},"end":{"line":256,"column":2},"skip":true},"56":{"start":{"line":258,"column":8},"end":{"line":286,"column":9},"skip":true},"57":{"start":{"line":259,"column":12},"end":{"line":269,"column":14},"skip":true},"58":{"start":{"line":271,"column":12},"end":{"line":285,"column":19},"skip":true},"59":{"start":{"line":274,"column":20},"end":{"line":274,"column":35},"skip":true},"60":{"start":{"line":275,"column":20},"end":{"line":284,"column":21},"skip":true},"61":{"start":{"line":277,"column":24},"end":{"line":277,"column":64},"skip":true},"62":{"start":{"line":279,"column":24},"end":{"line":279,"column":40},"skip":true},"63":{"start":{"line":281,"column":24},"end":{"line":281,"column":40},"skip":true},"64":{"start":{"line":283,"column":24},"end":{"line":283,"column":39},"skip":true},"65":{"start":{"line":288,"column":8},"end":{"line":290,"column":9},"skip":true},"66":{"start":{"line":289,"column":12},"end":{"line":289,"column":18},"skip":true},"67":{"start":{"line":291,"column":8},"end":{"line":293,"column":54},"skip":true},"68":{"start":{"line":296,"column":8},"end":{"line":301,"column":37},"skip":true},"69":{"start":{"line":303,"column":8},"end":{"line":303,"column":82},"skip":true},"70":{"start":{"line":306,"column":8},"end":{"line":308,"column":9},"skip":true},"71":{"start":{"line":307,"column":12},"end":{"line":307,"column":82},"skip":true},"72":{"start":{"line":310,"column":8},"end":{"line":312,"column":9},"skip":true},"73":{"start":{"line":311,"column":12},"end":{"line":311,"column":18},"skip":true},"74":{"start":{"line":313,"column":8},"end":{"line":313,"column":54},"skip":true},"75":{"start":{"line":314,"column":8},"end":{"line":314,"column":69},"skip":true},"76":{"start":{"line":315,"column":8},"end":{"line":323,"column":36},"skip":true},"77":{"start":{"line":316,"column":12},"end":{"line":316,"column":61},"skip":true},"78":{"start":{"line":317,"column":12},"end":{"line":320,"column":13},"skip":true},"79":{"start":{"line":318,"column":16},"end":{"line":318,"column":75},"skip":true},"80":{"start":{"line":319,"column":16},"end":{"line":319,"column":23},"skip":true},"81":{"start":{"line":321,"column":12},"end":{"line":321,"column":38},"skip":true},"82":{"start":{"line":322,"column":12},"end":{"line":322,"column":27},"skip":true},"83":{"start":{"line":324,"column":8},"end":{"line":324,"column":14},"skip":true}},"branchMap":{"1":{"line":39,"type":"binary-expr","locations":[{"start":{"line":39,"column":23},"end":{"line":39,"column":62}},{"start":{"line":40,"column":20},"end":{"line":40,"column":70}},{"start":{"line":41,"column":20},"end":{"line":41,"column":71}},{"start":{"line":42,"column":20},"end":{"line":42,"column":29}}]},"2":{"line":44,"type":"binary-expr","locations":[{"start":{"line":44,"column":23},"end":{"line":44,"column":37}},{"start":{"line":45,"column":20},"end":{"line":45,"column":61}},{"start":{"line":46,"column":20},"end":{"line":46,"column":70}},{"start":{"line":47,"column":20},"end":{"line":47,"column":26}}]},"3":{"line":51,"type":"cond-expr","locations":[{"start":{"line":52,"column":14},"end":{"line":52,"column":20}},{"start":{"line":53,"column":14},"end":{"line":53,"column":20}}]},"4":{"line":55,"type":"binary-expr","locations":[{"start":{"line":55,"column":16},"end":{"line":55,"column":44}},{"start":{"line":55,"column":49},"end":{"line":57,"column":43}}]},"5":{"line":55,"type":"cond-expr","locations":[{"start":{"line":56,"column":14},"end":{"line":56,"column":54}},{"start":{"line":57,"column":14},"end":{"line":57,"column":43}}]},"6":{"line":61,"type":"switch","locations":[{"start":{"line":68,"column":4},"end":{"line":150,"column":14},"skip":true},{"start":{"line":156,"column":4},"end":{"line":324,"column":14},"skip":true}]},"7":{"line":70,"type":"if","locations":[{"start":{"line":70,"column":12},"end":{"line":70,"column":12},"skip":true},{"start":{"line":70,"column":12},"end":{"line":70,"column":12},"skip":true}]},"8":{"line":70,"type":"binary-expr","locations":[{"start":{"line":70,"column":16},"end":{"line":70,"column":22},"skip":true},{"start":{"line":70,"column":27},"end":{"line":70,"column":32},"skip":true},{"start":{"line":71,"column":20},"end":{"line":71,"column":39},"skip":true},{"start":{"line":72,"column":20},"end":{"line":72,"column":49},"skip":true},{"start":{"line":73,"column":20},"end":{"line":73,"column":58},"skip":true},{"start":{"line":74,"column":20},"end":{"line":74,"column":69},"skip":true}]},"9":{"line":79,"type":"switch","locations":[{"start":{"line":80,"column":20},"end":{"line":80,"column":33},"skip":true},{"start":{"line":81,"column":20},"end":{"line":83,"column":30},"skip":true},{"start":{"line":84,"column":20},"end":{"line":85,"column":49},"skip":true}]},"10":{"line":89,"type":"switch","locations":[{"start":{"line":90,"column":12},"end":{"line":103,"column":22},"skip":true},{"start":{"line":105,"column":12},"end":{"line":106,"column":22},"skip":true}]},"11":{"line":89,"type":"binary-expr","locations":[{"start":{"line":89,"column":20},"end":{"line":89,"column":25},"skip":true},{"start":{"line":89,"column":29},"end":{"line":89,"column":48},"skip":true},{"start":{"line":89,"column":52},"end":{"line":89,"column":74},"skip":true}]},"12":{"line":92,"type":"if","locations":[{"start":{"line":92,"column":16},"end":{"line":92,"column":16},"skip":true},{"start":{"line":92,"column":16},"end":{"line":92,"column":16},"skip":true}]},"13":{"line":108,"type":"if","locations":[{"start":{"line":108,"column":12},"end":{"line":108,"column":12},"skip":true},{"start":{"line":108,"column":12},"end":{"line":108,"column":12},"skip":true}]},"14":{"line":108,"type":"binary-expr","locations":[{"start":{"line":108,"column":16},"end":{"line":108,"column":61},"skip":true},{"start":{"line":108,"column":66},"end":{"line":108,"column":72},"skip":true},{"start":{"line":108,"column":77},"end":{"line":108,"column":82},"skip":true},{"start":{"line":109,"column":20},"end":{"line":109,"column":39},"skip":true},{"start":{"line":110,"column":20},"end":{"line":110,"column":49},"skip":true},{"start":{"line":111,"column":20},"end":{"line":111,"column":58},"skip":true},{"start":{"line":112,"column":20},"end":{"line":112,"column":68},"skip":true}]},"15":{"line":129,"type":"if","locations":[{"start":{"line":129,"column":16},"end":{"line":129,"column":16},"skip":true},{"start":{"line":129,"column":16},"end":{"line":129,"column":16},"skip":true}]},"16":{"line":134,"type":"cond-expr","locations":[{"start":{"line":135,"column":26},"end":{"line":135,"column":29},"skip":true},{"start":{"line":136,"column":26},"end":{"line":136,"column":54},"skip":true}]},"17":{"line":164,"type":"binary-expr","locations":[{"start":{"line":164,"column":27},"end":{"line":164,"column":43},"skip":true},{"start":{"line":164,"column":47},"end":{"line":164,"column":49},"skip":true}]},"18":{"line":258,"type":"if","locations":[{"start":{"line":258,"column":8},"end":{"line":258,"column":8},"skip":true},{"start":{"line":258,"column":8},"end":{"line":258,"column":8},"skip":true}]},"19":{"line":275,"type":"switch","locations":[{"start":{"line":276,"column":20},"end":{"line":277,"column":64},"skip":true},{"start":{"line":278,"column":20},"end":{"line":279,"column":40},"skip":true},{"start":{"line":280,"column":20},"end":{"line":281,"column":40},"skip":true},{"start":{"line":282,"column":20},"end":{"line":283,"column":39},"skip":true}]},"20":{"line":288,"type":"if","locations":[{"start":{"line":288,"column":8},"end":{"line":288,"column":8},"skip":true},{"start":{"line":288,"column":8},"end":{"line":288,"column":8},"skip":true}]},"21":{"line":288,"type":"binary-expr","locations":[{"start":{"line":288,"column":12},"end":{"line":288,"column":40},"skip":true},{"start":{"line":288,"column":44},"end":{"line":288,"column":67},"skip":true}]},"22":{"line":292,"type":"binary-expr","locations":[{"start":{"line":292,"column":12},"end":{"line":292,"column":50},"skip":true},{"start":{"line":293,"column":12},"end":{"line":293,"column":53},"skip":true}]},"23":{"line":297,"type":"binary-expr","locations":[{"start":{"line":297,"column":12},"end":{"line":297,"column":68},"skip":true},{"start":{"line":298,"column":12},"end":{"line":301,"column":36},"skip":true}]},"24":{"line":303,"type":"binary-expr","locations":[{"start":{"line":303,"column":43},"end":{"line":303,"column":75},"skip":true},{"start":{"line":303,"column":79},"end":{"line":303,"column":81},"skip":true}]},"25":{"line":306,"type":"if","locations":[{"start":{"line":306,"column":8},"end":{"line":306,"column":8},"skip":true},{"start":{"line":306,"column":8},"end":{"line":306,"column":8},"skip":true}]},"26":{"line":310,"type":"if","locations":[{"start":{"line":310,"column":8},"end":{"line":310,"column":8},"skip":true},{"start":{"line":310,"column":8},"end":{"line":310,"column":8},"skip":true}]},"27":{"line":313,"type":"binary-expr","locations":[{"start":{"line":313,"column":27},"end":{"line":313,"column":43},"skip":true},{"start":{"line":313,"column":47},"end":{"line":313,"column":53},"skip":true}]},"28":{"line":317,"type":"if","locations":[{"start":{"line":317,"column":12},"end":{"line":317,"column":12},"skip":true},{"start":{"line":317,"column":12},"end":{"line":317,"column":12},"skip":true}]}},"code":["/*","example.js","","quickstart example","","instruction","    1. save this script as example.js","    2. run the shell command:","        $ npm install npmtest-superlogin && PORT=8081 node example.js","    3. play with the browser-demo on http://127.0.0.1:8081","*/","","","","/* istanbul instrument in package npmtest_superlogin */","/*jslint","    bitwise: true,","    browser: true,","    maxerr: 8,","    maxlen: 96,","    node: true,","    nomen: true,","    regexp: true,","    stupid: true","*/","(function () {","    'use strict';","    var local;","","","","    // run shared js-env code - pre-init","    (function () {","        // init local","        local = {};","        // init modeJs","        local.modeJs = (function () {","            try {","                return typeof navigator.userAgent === 'string' &&","                    typeof document.querySelector('body') === 'object' &&","                    typeof XMLHttpRequest.prototype.open === 'function' &&","                    'browser';","            } catch (errorCaughtBrowser) {","                return module.exports &&","                    typeof process.versions.node === 'string' &&","                    typeof require('http').createServer === 'function' &&","                    'node';","            }","        }());","        // init global","        local.global = local.modeJs === 'browser'","            ? window","            : global;","        // init utility2_rollup","        local = local.global.utility2_rollup || (local.modeJs === 'browser'","            ? local.global.utility2_npmtest_superlogin","            : global.utility2_moduleExports);","        // export local","        local.global.local = local;","    }());","    switch (local.modeJs) {","","","","    // post-init","    // run browser js-env code - post-init","    /* istanbul ignore next */","    case 'browser':","        local.testRunBrowser = function (event) {","            if (!event || (event &&","                    event.currentTarget &&","                    event.currentTarget.className &&","                    event.currentTarget.className.includes &&","                    event.currentTarget.className.includes('onreset'))) {","                // reset output","                Array.from(","                    document.querySelectorAll('body > .resettable')","                ).forEach(function (element) {","                    switch (element.tagName) {","                    case 'INPUT':","                    case 'TEXTAREA':","                        element.value = '';","                        break;","                    default:","                        element.textContent = '';","                    }","                });","            }","            switch (event && event.currentTarget && event.currentTarget.id) {","            case 'testRunButton1':","                // show tests","                if (document.querySelector('#testReportDiv1').style.display === 'none') {","                    document.querySelector('#testReportDiv1').style.display = 'block';","                    document.querySelector('#testRunButton1').textContent =","                        'hide internal test';","                    local.modeTest = true;","                    local.testRunDefault(local);","                // hide tests","                } else {","                    document.querySelector('#testReportDiv1').style.display = 'none';","                    document.querySelector('#testRunButton1').textContent = 'run internal test';","                }","                break;","            // custom-case","            default:","                break;","            }","            if (document.querySelector('#inputTextareaEval1') && (!event || (event &&","                    event.currentTarget &&","                    event.currentTarget.className &&","                    event.currentTarget.className.includes &&","                    event.currentTarget.className.includes('oneval')))) {","                // try to eval input-code","                try {","                    /*jslint evil: true*/","                    eval(document.querySelector('#inputTextareaEval1').value);","                } catch (errorCaught) {","                    console.error(errorCaught);","                }","            }","        };","        // log stderr and stdout to #outputTextareaStdout1","        ['error', 'log'].forEach(function (key) {","            console[key + '_original'] = console[key];","            console[key] = function () {","                var element;","                console[key + '_original'].apply(console, arguments);","                element = document.querySelector('#outputTextareaStdout1');","                if (!element) {","                    return;","                }","                // append text to #outputTextareaStdout1","                element.value += Array.from(arguments).map(function (arg) {","                    return typeof arg === 'string'","                        ? arg","                        : JSON.stringify(arg, null, 4);","                }).join(' ') + '\\n';","                // scroll textarea to bottom","                element.scrollTop = element.scrollHeight;","            };","        });","        // init event-handling","        ['change', 'click', 'keyup'].forEach(function (event) {","            Array.from(document.querySelectorAll('.on' + event)).forEach(function (element) {","                element.addEventListener(event, local.testRunBrowser);","            });","        });","        // run tests","        local.testRunBrowser();","        break;","","","","    // run node js-env code - post-init","    /* istanbul ignore next */","    case 'node':","        // export local","        module.exports = local;","        // require modules","        local.fs = require('fs');","        local.http = require('http');","        local.url = require('url');","        // init assets","        local.assetsDict = local.assetsDict || {};","        /* jslint-ignore-begin */","        local.assetsDict['/assets.index.template.html'] = '\\","<!doctype html>\\n\\","<html lang=\"en\">\\n\\","<head>\\n\\","<meta charset=\"UTF-8\">\\n\\","<meta name=\"viewport\" content=\"width=device-width, initial-scale=1\">\\n\\","<title>{{env.npm_package_name}} (v{{env.npm_package_version}})</title>\\n\\","<style>\\n\\","/*csslint\\n\\","    box-sizing: false,\\n\\","    universal-selector: false\\n\\","*/\\n\\","* {\\n\\","    box-sizing: border-box;\\n\\","}\\n\\","body {\\n\\","    background: #dde;\\n\\","    font-family: Arial, Helvetica, sans-serif;\\n\\","    margin: 2rem;\\n\\","}\\n\\","body > * {\\n\\","    margin-bottom: 1rem;\\n\\","}\\n\\",".utility2FooterDiv {\\n\\","    margin-top: 20px;\\n\\","    text-align: center;\\n\\","}\\n\\","</style>\\n\\","<style>\\n\\","/*csslint\\n\\","*/\\n\\","textarea {\\n\\","    font-family: monospace;\\n\\","    height: 10rem;\\n\\","    width: 100%;\\n\\","}\\n\\","textarea[readonly] {\\n\\","    background: #ddd;\\n\\","}\\n\\","</style>\\n\\","</head>\\n\\","<body>\\n\\","<!-- utility2-comment\\n\\","<div id=\"ajaxProgressDiv1\" style=\"background: #d00; height: 2px; left: 0; margin: 0; padding: 0; position: fixed; top: 0; transition: background 0.5s, width 1.5s; width: 25%;\"></div>\\n\\","utility2-comment -->\\n\\","<h1>\\n\\","<!-- utility2-comment\\n\\","    <a\\n\\","        {{#if env.npm_package_homepage}}\\n\\","        href=\"{{env.npm_package_homepage}}\"\\n\\","        {{/if env.npm_package_homepage}}\\n\\","        target=\"_blank\"\\n\\","    >\\n\\","utility2-comment -->\\n\\","        {{env.npm_package_name}} (v{{env.npm_package_version}})\\n\\","<!-- utility2-comment\\n\\","    </a>\\n\\","utility2-comment -->\\n\\","</h1>\\n\\","<h3>{{env.npm_package_description}}</h3>\\n\\","<!-- utility2-comment\\n\\","<h4><a download href=\"assets.app.js\">download standalone app</a></h4>\\n\\","<button class=\"onclick onreset\" id=\"testRunButton1\">run internal test</button><br>\\n\\","<div id=\"testReportDiv1\" style=\"display: none;\"></div>\\n\\","utility2-comment -->\\n\\","\\n\\","\\n\\","\\n\\","<label>stderr and stdout</label>\\n\\","<textarea class=\"resettable\" id=\"outputTextareaStdout1\" readonly></textarea>\\n\\","<!-- utility2-comment\\n\\","{{#if isRollup}}\\n\\","<script src=\"assets.app.js\"></script>\\n\\","{{#unless isRollup}}\\n\\","utility2-comment -->\\n\\","<script src=\"assets.utility2.rollup.js\"></script>\\n\\","<script src=\"jsonp.utility2._stateInit?callback=window.utility2._stateInit\"></script>\\n\\","<script src=\"assets.npmtest_superlogin.rollup.js\"></script>\\n\\","<script src=\"assets.example.js\"></script>\\n\\","<script src=\"assets.test.js\"></script>\\n\\","<!-- utility2-comment\\n\\","{{/if isRollup}}\\n\\","utility2-comment -->\\n\\","<div class=\"utility2FooterDiv\">\\n\\","    [ this app was created with\\n\\","    <a href=\"https://github.com/kaizhu256/node-utility2\" target=\"_blank\">utility2</a>\\n\\","    ]\\n\\","</div>\\n\\","</body>\\n\\","</html>\\n\\","';","        /* jslint-ignore-end */","        if (local.templateRender) {","            local.assetsDict['/'] = local.templateRender(","                local.assetsDict['/assets.index.template.html'],","                {","                    env: local.objectSetDefault(local.env, {","                        npm_package_description: 'the greatest app in the world!',","                        npm_package_name: 'my-app',","                        npm_package_nameAlias: 'my_app',","                        npm_package_version: '0.0.1'","                    })","                }","            );","        } else {","            local.assetsDict['/'] = local.assetsDict['/assets.index.template.html']","                .replace((/\\{\\{env\\.(\\w+?)\\}\\}/g), function (match0, match1) {","                    // jslint-hack","                    String(match0);","                    switch (match1) {","                    case 'npm_package_description':","                        return 'the greatest app in the world!';","                    case 'npm_package_name':","                        return 'my-app';","                    case 'npm_package_nameAlias':","                        return 'my_app';","                    case 'npm_package_version':","                        return '0.0.1';","                    }","                });","        }","        // run the cli","        if (local.global.utility2_rollup || module !== require.main) {","            break;","        }","        local.assetsDict['/assets.example.js'] =","            local.assetsDict['/assets.example.js'] ||","            local.fs.readFileSync(__filename, 'utf8');","        // bug-workaround - long $npm_package_buildCustomOrg","        /* jslint-ignore-begin */","        local.assetsDict['/assets.npmtest_superlogin.rollup.js'] =","            local.assetsDict['/assets.npmtest_superlogin.rollup.js'] ||","            local.fs.readFileSync(","                local.npmtest_superlogin.__dirname + '/lib.npmtest_superlogin.js',","                'utf8'","            ).replace((/^#!/), '//');","        /* jslint-ignore-end */","        local.assetsDict['/favicon.ico'] = local.assetsDict['/favicon.ico'] || '';","        // if $npm_config_timeout_exit exists,","        // then exit this process after $npm_config_timeout_exit ms","        if (Number(process.env.npm_config_timeout_exit)) {","            setTimeout(process.exit, Number(process.env.npm_config_timeout_exit));","        }","        // start server","        if (local.global.utility2_serverHttp1) {","            break;","        }","        process.env.PORT = process.env.PORT || '8081';","        console.error('server starting on port ' + process.env.PORT);","        local.http.createServer(function (request, response) {","            request.urlParsed = local.url.parse(request.url);","            if (local.assetsDict[request.urlParsed.pathname] !== undefined) {","                response.end(local.assetsDict[request.urlParsed.pathname]);","                return;","            }","            response.statusCode = 404;","            response.end();","        }).listen(process.env.PORT);","        break;","    }","}());",""],"l":{"26":2,"28":2,"33":2,"35":2,"37":2,"38":2,"39":2,"44":1,"51":2,"55":2,"59":2,"61":2,"69":1,"70":2,"76":2,"79":2,"82":2,"83":2,"85":1,"89":2,"92":1,"93":1,"94":1,"96":1,"97":1,"100":1,"101":1,"103":1,"106":1,"108":2,"114":1,"116":1,"118":1,"123":1,"124":2,"125":2,"126":3,"127":3,"128":3,"129":3,"130":1,"133":3,"134":3,"139":3,"143":1,"144":3,"145":1,"149":1,"150":1,"158":1,"160":1,"161":1,"162":1,"164":1,"166":1,"258":1,"259":1,"271":1,"274":6,"275":6,"277":1,"279":2,"281":1,"283":2,"288":1,"289":1,"291":1,"296":1,"303":1,"306":1,"307":1,"310":1,"311":1,"313":1,"314":1,"315":1,"316":1,"317":1,"318":1,"319":1,"321":1,"322":1,"324":1}},"/home/travis/build/npmtest/node-npmtest-superlogin/node_modules/superlogin/lib/index.js":{"path":"/home/travis/build/npmtest/node-npmtest-superlogin/node_modules/superlogin/lib/index.js","s":{"1":1,"2":1,"3":1,"4":1,"5":1,"6":1,"7":1,"8":1,"9":1,"10":1,"11":1,"12":1,"13":1,"14":1,"15":0,"16":0,"17":0,"18":0,"19":0,"20":0,"21":0,"22":0,"23":0,"24":0,"25":0,"26":0,"27":0,"28":0,"29":0,"30":0,"31":0,"32":0,"33":0,"34":0,"35":0,"36":0,"37":0,"38":0,"39":0,"40":0,"41":0},"b":{"1":[0,0],"2":[0,0],"3":[0,0],"4":[0,0],"5":[0,0],"6":[0,0],"7":[0,0,0],"8":[0,0],"9":[0,0]},"f":{"1":0},"fnMap":{"1":{"name":"(anonymous_1)","line":17,"loc":{"start":{"line":17,"column":17},"end":{"line":17,"column":70}}}},"statementMap":{"1":{"start":{"line":2,"column":0},"end":{"line":2,"column":31}},"2":{"start":{"line":3,"column":0},"end":{"line":3,"column":33}},"3":{"start":{"line":4,"column":0},"end":{"line":4,"column":35}},"4":{"start":{"line":5,"column":0},"end":{"line":5,"column":33}},"5":{"start":{"line":6,"column":0},"end":{"line":6,"column":42}},"6":{"start":{"line":8,"column":0},"end":{"line":8,"column":39}},"7":{"start":{"line":9,"column":0},"end":{"line":9,"column":29}},"8":{"start":{"line":10,"column":0},"end":{"line":10,"column":31}},"9":{"start":{"line":11,"column":0},"end":{"line":11,"column":37}},"10":{"start":{"line":12,"column":0},"end":{"line":12,"column":39}},"11":{"start":{"line":13,"column":0},"end":{"line":13,"column":41}},"12":{"start":{"line":14,"column":0},"end":{"line":14,"column":33}},"13":{"start":{"line":15,"column":0},"end":{"line":15,"column":29}},"14":{"start":{"line":17,"column":0},"end":{"line":105,"column":2}},"15":{"start":{"line":19,"column":2},"end":{"line":19,"column":78}},"16":{"start":{"line":20,"column":2},"end":{"line":20,"column":32}},"17":{"start":{"line":21,"column":2},"end":{"line":21,"column":42}},"18":{"start":{"line":23,"column":2},"end":{"line":25,"column":3}},"19":{"start":{"line":24,"column":4},"end":{"line":24,"column":35}},"20":{"start":{"line":26,"column":2},"end":{"line":26,"column":44}},"21":{"start":{"line":29,"column":2},"end":{"line":32,"column":3}},"22":{"start":{"line":30,"column":4},"end":{"line":30,"column":45}},"23":{"start":{"line":31,"column":4},"end":{"line":31,"column":48}},"24":{"start":{"line":35,"column":2},"end":{"line":37,"column":3}},"25":{"start":{"line":36,"column":4},"end":{"line":36,"column":107}},"26":{"start":{"line":38,"column":2},"end":{"line":40,"column":3}},"27":{"start":{"line":39,"column":4},"end":{"line":39,"column":117}},"28":{"start":{"line":41,"column":2},"end":{"line":43,"column":3}},"29":{"start":{"line":42,"column":4},"end":{"line":42,"column":124}},"30":{"start":{"line":45,"column":2},"end":{"line":45,"column":34}},"31":{"start":{"line":46,"column":2},"end":{"line":46,"column":68}},"32":{"start":{"line":47,"column":2},"end":{"line":47,"column":56}},"33":{"start":{"line":50,"column":2},"end":{"line":50,"column":56}},"34":{"start":{"line":51,"column":2},"end":{"line":51,"column":64}},"35":{"start":{"line":52,"column":2},"end":{"line":52,"column":27}},"36":{"start":{"line":54,"column":2},"end":{"line":54,"column":38}},"37":{"start":{"line":56,"column":2},"end":{"line":56,"column":45}},"38":{"start":{"line":58,"column":2},"end":{"line":97,"column":4}},"39":{"start":{"line":100,"column":2},"end":{"line":102,"column":3}},"40":{"start":{"line":101,"column":4},"end":{"line":101,"column":35}},"41":{"start":{"line":103,"column":2},"end":{"line":103,"column":20}}},"branchMap":{"1":{"line":23,"type":"if","locations":[{"start":{"line":23,"column":2},"end":{"line":23,"column":2}},{"start":{"line":23,"column":2},"end":{"line":23,"column":2}}]},"2":{"line":23,"type":"binary-expr","locations":[{"start":{"line":23,"column":5},"end":{"line":23,"column":14}},{"start":{"line":23,"column":18},"end":{"line":23,"column":46}}]},"3":{"line":29,"type":"if","locations":[{"start":{"line":29,"column":2},"end":{"line":29,"column":2}},{"start":{"line":29,"column":2},"end":{"line":29,"column":2}}]},"4":{"line":35,"type":"if","locations":[{"start":{"line":35,"column":2},"end":{"line":35,"column":2}},{"start":{"line":35,"column":2},"end":{"line":35,"column":2}}]},"5":{"line":35,"type":"binary-expr","locations":[{"start":{"line":35,"column":5},"end":{"line":35,"column":12}},{"start":{"line":35,"column":16},"end":{"line":35,"column":49}}]},"6":{"line":38,"type":"if","locations":[{"start":{"line":38,"column":2},"end":{"line":38,"column":2}},{"start":{"line":38,"column":2},"end":{"line":38,"column":2}}]},"7":{"line":38,"type":"binary-expr","locations":[{"start":{"line":38,"column":5},"end":{"line":38,"column":17}},{"start":{"line":38,"column":21},"end":{"line":38,"column":59}},{"start":{"line":38,"column":63},"end":{"line":38,"column":99}}]},"8":{"line":41,"type":"if","locations":[{"start":{"line":41,"column":2},"end":{"line":41,"column":2}},{"start":{"line":41,"column":2},"end":{"line":41,"column":2}}]},"9":{"line":41,"type":"binary-expr","locations":[{"start":{"line":41,"column":5},"end":{"line":41,"column":12}},{"start":{"line":41,"column":16},"end":{"line":41,"column":42}}]}},"code":["'use strict';","var events = require('events');","var express = require('express');","var BPromise = require('bluebird');","var PouchDB = require('pouchdb');","var seed = require('pouchdb-seed-design');","","var Configure = require('./configure');","var User = require('./user');","var Oauth = require('./oauth');","var loadRoutes = require('./routes');","var localConfig = (require('./local'));","var Middleware = require('./middleware');","var Mailer = require('./mailer');","var util = require('./util');","","module.exports = function (configData, passport, userDB, couchAuthDB) {","","  var config = new Configure(configData, require('../config/default.config'));","  var router = express.Router();","  var emitter = new events.EventEmitter();","","  if(!passport || typeof passport !== 'object') {","    passport = require('passport');","  }","  var middleware = new Middleware(passport);","","  // Some extra default settings if no config object is specified","  if(!configData) {","    config.setItem('testMode.noEmail', true);","    config.setItem('testMode.debugEmail', true);","  }","","  // Create the DBs if they weren't passed in","  if(!userDB && config.getItem('dbServer.userDB')) {","    userDB = new PouchDB(util.getFullDBURL(config.getItem('dbServer'), config.getItem('dbServer.userDB')));","  }","  if(!couchAuthDB && config.getItem('dbServer.couchAuthDB') && !config.getItem('dbServer.cloudant')) {","    couchAuthDB = new PouchDB(util.getFullDBURL(config.getItem('dbServer'), config.getItem('dbServer.couchAuthDB')));","  }","  if(!userDB || typeof userDB !== 'object') {","    throw new Error('userDB must be passed in as the third argument or specified in the config file under dbServer.userDB');","  }","","  var mailer = new Mailer(config);","  var user = new User(config, userDB, couchAuthDB, mailer, emitter);","  var oauth = new Oauth(router, passport, user, config);","","  // Seed design docs for the user database","  var userDesign = require('../designDocs/user-design');","  userDesign = util.addProvidersToDesignDoc(config, userDesign);","  seed(userDB, userDesign);","  // Configure Passport local login and api keys","  localConfig(config, passport, user);","  // Load the routes","  loadRoutes(config, router, passport, user);","","  var superlogin = {","    config: config,","    router: router,","    passport: passport,","    userDB: userDB,","    couchAuthDB: couchAuthDB,","    registerProvider: oauth.registerProvider,","    registerOAuth2: oauth.registerOAuth2,","    registerTokenProvider: oauth.registerTokenProvider,","    validateUsername: user.validateUsername,","    validateEmail: user.validateEmail,","    validateEmailUsername: user.validateEmailUsername,","    getUser: user.get,","    createUser: user.create,","    onCreate: user.onCreate,","    socialAuth: user.socialAuth,","    hashPassword: util.hashPassword,","    verifyPassword: util.verifyPassword,","    createSession: user.createSession,","    changePassword: user.changePassword,","    changeEmail: user.changeEmail,","    resetPassword: user.resetPassword,","    forgotPassword: user.forgotPassword,","    verifyEmail: user.verifyEmail,","    addUserDB: user.addUserDB,","    removeUserDB: user.removeUserDB,","    logoutUser: user.logoutUser,","    logoutSession: user.logoutSession,","    logoutOthers: user.logoutOthers,","    removeUser: user.remove,","    confirmSession: user.confirmToken,","    removeExpiredKeys: user.removeExpiredKeys,","    sendEmail: mailer.sendEmail,","    quitRedis: user.quitRedis,","    // authentication middleware","    requireAuth: middleware.requireAuth,","    requireRole: middleware.requireRole,","    requireAnyRole: middleware.requireAnyRole,","    requireAllRoles: middleware.requireAllRoles,","  };","","  // Inherit emitter","  for(var key in emitter) {","    superlogin[key] = emitter[key];","  }","  return superlogin;","","};"],"l":{"2":1,"3":1,"4":1,"5":1,"6":1,"8":1,"9":1,"10":1,"11":1,"12":1,"13":1,"14":1,"15":1,"17":1,"19":0,"20":0,"21":0,"23":0,"24":0,"26":0,"29":0,"30":0,"31":0,"35":0,"36":0,"38":0,"39":0,"41":0,"42":0,"45":0,"46":0,"47":0,"50":0,"51":0,"52":0,"54":0,"56":0,"58":0,"100":0,"101":0,"103":0}},"/home/travis/build/npmtest/node-npmtest-superlogin/node_modules/superlogin/lib/configure.js":{"path":"/home/travis/build/npmtest/node-npmtest-superlogin/node_modules/superlogin/lib/configure.js","s":{"1":1,"2":1,"3":0,"4":0,"5":0,"6":0,"7":0,"8":0,"9":0,"10":0,"11":0,"12":0,"13":0},"b":{"1":[0,0],"2":[0,0],"3":[0,0],"4":[0,0]},"f":{"1":0,"2":0,"3":0,"4":0},"fnMap":{"1":{"name":"(anonymous_1)","line":4,"loc":{"start":{"line":4,"column":17},"end":{"line":4,"column":42}}},"2":{"name":"(anonymous_2)","line":9,"loc":{"start":{"line":9,"column":17},"end":{"line":9,"column":31}}},"3":{"name":"(anonymous_3)","line":17,"loc":{"start":{"line":17,"column":17},"end":{"line":17,"column":38}}},"4":{"name":"(anonymous_4)","line":21,"loc":{"start":{"line":21,"column":20},"end":{"line":21,"column":34}}}},"statementMap":{"1":{"start":{"line":2,"column":0},"end":{"line":2,"column":29}},"2":{"start":{"line":4,"column":0},"end":{"line":25,"column":2}},"3":{"start":{"line":6,"column":2},"end":{"line":6,"column":27}},"4":{"start":{"line":7,"column":2},"end":{"line":7,"column":33}},"5":{"start":{"line":9,"column":2},"end":{"line":15,"column":4}},"6":{"start":{"line":10,"column":4},"end":{"line":10,"column":53}},"7":{"start":{"line":11,"column":4},"end":{"line":13,"column":5}},"8":{"start":{"line":12,"column":6},"end":{"line":12,"column":53}},"9":{"start":{"line":14,"column":4},"end":{"line":14,"column":18}},"10":{"start":{"line":17,"column":2},"end":{"line":19,"column":4}},"11":{"start":{"line":18,"column":4},"end":{"line":18,"column":54}},"12":{"start":{"line":21,"column":2},"end":{"line":23,"column":4}},"13":{"start":{"line":22,"column":4},"end":{"line":22,"column":47}}},"branchMap":{"1":{"line":6,"type":"binary-expr","locations":[{"start":{"line":6,"column":16},"end":{"line":6,"column":20}},{"start":{"line":6,"column":24},"end":{"line":6,"column":26}}]},"2":{"line":7,"type":"binary-expr","locations":[{"start":{"line":7,"column":18},"end":{"line":7,"column":26}},{"start":{"line":7,"column":30},"end":{"line":7,"column":32}}]},"3":{"line":11,"type":"if","locations":[{"start":{"line":11,"column":4},"end":{"line":11,"column":4}},{"start":{"line":11,"column":4},"end":{"line":11,"column":4}}]},"4":{"line":11,"type":"binary-expr","locations":[{"start":{"line":11,"column":7},"end":{"line":11,"column":36}},{"start":{"line":11,"column":40},"end":{"line":11,"column":55}}]}},"code":["'use strict';","var util = require('./util');","","module.exports = function(data, defaults) {","","  this.config = data || {};","  this.defaults = defaults || {};","","  this.getItem = function(key) {","    var result = util.getObjectRef(this.config, key);","    if(typeof result === 'undefined' || result === null) {","      result = util.getObjectRef(this.defaults, key);","    }","    return result;","  };","","  this.setItem = function(key, value) {","    return util.setObjectRef(this.config, key, value);","  };","","  this.removeItem = function(key) {","    return util.delObjectRef(this.config, key);","  };","","};"],"l":{"2":1,"4":1,"6":0,"7":0,"9":0,"10":0,"11":0,"12":0,"14":0,"17":0,"18":0,"21":0,"22":0}},"/home/travis/build/npmtest/node-npmtest-superlogin/node_modules/superlogin/lib/util.js":{"path":"/home/travis/build/npmtest/node-npmtest-superlogin/node_modules/superlogin/lib/util.js","s":{"1":1,"2":1,"3":1,"4":1,"5":1,"6":0,"7":1,"8":0,"9":0,"10":0,"11":0,"12":0,"13":1,"14":0,"15":0,"16":0,"17":0,"18":0,"19":0,"20":0,"21":0,"22":0,"23":0,"24":0,"25":0,"26":1,"27":0,"28":0,"29":0,"30":0,"31":0,"32":1,"33":0,"34":1,"35":0,"36":0,"37":0,"38":1,"39":0,"40":0,"41":0,"42":0,"43":0,"44":1,"45":0,"46":0,"47":0,"48":0,"49":0,"50":0,"51":1,"52":0,"53":0,"54":0,"55":0,"56":0,"57":0,"58":0,"59":0,"60":0,"61":0,"62":1,"63":0,"64":0,"65":0,"66":0,"67":0,"68":0,"69":0,"70":1,"71":0,"72":1,"73":0,"74":0,"75":0,"76":0,"77":0,"78":0,"79":0,"80":0,"81":0,"82":1,"83":0,"84":0,"85":0,"86":0,"87":0,"88":0,"89":0,"90":0,"91":0,"92":0,"93":0,"94":1,"95":0,"96":0,"97":0,"98":0,"99":0,"100":0,"101":0,"102":0,"103":0,"104":0,"105":0,"106":1,"107":0,"108":0,"109":0,"110":0,"111":0,"112":0},"b":{"1":[0,0],"2":[0,0],"3":[0,0],"4":[0,0],"5":[0,0],"6":[0,0],"7":[0,0],"8":[0,0],"9":[0,0],"10":[0,0],"11":[0,0],"12":[0,0],"13":[0,0],"14":[0,0],"15":[0,0],"16":[0,0],"17":[0,0],"18":[0,0],"19":[0,0],"20":[0,0]},"f":{"1":0,"2":0,"3":0,"4":0,"5":0,"6":0,"7":0,"8":0,"9":0,"10":0,"11":0,"12":0,"13":0,"14":0,"15":0,"16":0,"17":0,"18":0,"19":0,"20":0,"21":0},"fnMap":{"1":{"name":"(anonymous_1)","line":8,"loc":{"start":{"line":8,"column":22},"end":{"line":8,"column":33}}},"2":{"name":"(anonymous_2)","line":12,"loc":{"start":{"line":12,"column":23},"end":{"line":12,"column":43}}},"3":{"name":"(anonymous_3)","line":13,"loc":{"start":{"line":13,"column":22},"end":{"line":13,"column":49}}},"4":{"name":"(anonymous_4)","line":14,"loc":{"start":{"line":14,"column":23},"end":{"line":14,"column":50}}},"5":{"name":"(anonymous_5)","line":26,"loc":{"start":{"line":26,"column":25},"end":{"line":26,"column":54}}},"6":{"name":"(anonymous_6)","line":38,"loc":{"start":{"line":38,"column":10},"end":{"line":38,"column":26}}},"7":{"name":"(anonymous_7)","line":47,"loc":{"start":{"line":47,"column":19},"end":{"line":47,"column":32}}},"8":{"name":"(anonymous_8)","line":57,"loc":{"start":{"line":57,"column":23},"end":{"line":57,"column":50}}},"9":{"name":"(anonymous_9)","line":61,"loc":{"start":{"line":61,"column":18},"end":{"line":61,"column":32}}},"10":{"name":"(anonymous_10)","line":68,"loc":{"start":{"line":68,"column":22},"end":{"line":68,"column":40}}},"11":{"name":"(anonymous_11)","line":71,"loc":{"start":{"line":71,"column":41},"end":{"line":71,"column":61}}},"12":{"name":"(anonymous_12)","line":78,"loc":{"start":{"line":78,"column":29},"end":{"line":78,"column":52}}},"13":{"name":"(anonymous_13)","line":81,"loc":{"start":{"line":81,"column":41},"end":{"line":81,"column":61}}},"14":{"name":"(anonymous_14)","line":91,"loc":{"start":{"line":91,"column":26},"end":{"line":91,"column":40}}},"15":{"name":"(anonymous_15)","line":109,"loc":{"start":{"line":109,"column":34},"end":{"line":109,"column":57}}},"16":{"name":"(anonymous_16)","line":120,"loc":{"start":{"line":120,"column":33},"end":{"line":120,"column":52}}},"17":{"name":"(anonymous_17)","line":127,"loc":{"start":{"line":127,"column":32},"end":{"line":127,"column":49}}},"18":{"name":"(anonymous_18)","line":140,"loc":{"start":{"line":140,"column":23},"end":{"line":140,"column":42}}},"19":{"name":"(anonymous_19)","line":165,"loc":{"start":{"line":165,"column":23},"end":{"line":165,"column":47}}},"20":{"name":"(anonymous_20)","line":189,"loc":{"start":{"line":189,"column":23},"end":{"line":189,"column":42}}},"21":{"name":"(anonymous_21)","line":213,"loc":{"start":{"line":213,"column":21},"end":{"line":213,"column":37}}}},"statementMap":{"1":{"start":{"line":3,"column":0},"end":{"line":3,"column":35}},"2":{"start":{"line":4,"column":0},"end":{"line":4,"column":46}},"3":{"start":{"line":5,"column":0},"end":{"line":5,"column":32}},"4":{"start":{"line":6,"column":0},"end":{"line":6,"column":31}},"5":{"start":{"line":8,"column":0},"end":{"line":10,"column":2}},"6":{"start":{"line":9,"column":2},"end":{"line":9,"column":61}},"7":{"start":{"line":12,"column":0},"end":{"line":24,"column":2}},"8":{"start":{"line":13,"column":2},"end":{"line":23,"column":5}},"9":{"start":{"line":14,"column":4},"end":{"line":22,"column":7}},"10":{"start":{"line":15,"column":6},"end":{"line":17,"column":7}},"11":{"start":{"line":16,"column":8},"end":{"line":16,"column":27}},"12":{"start":{"line":18,"column":6},"end":{"line":21,"column":9}},"13":{"start":{"line":26,"column":0},"end":{"line":45,"column":2}},"14":{"start":{"line":27,"column":2},"end":{"line":27,"column":61}},"15":{"start":{"line":28,"column":2},"end":{"line":28,"column":38}},"16":{"start":{"line":29,"column":2},"end":{"line":29,"column":26}},"17":{"start":{"line":30,"column":2},"end":{"line":30,"column":40}},"18":{"start":{"line":31,"column":2},"end":{"line":33,"column":3}},"19":{"start":{"line":32,"column":4},"end":{"line":32,"column":31}},"20":{"start":{"line":34,"column":2},"end":{"line":36,"column":3}},"21":{"start":{"line":35,"column":4},"end":{"line":35,"column":34}},"22":{"start":{"line":37,"column":2},"end":{"line":44,"column":7}},"23":{"start":{"line":39,"column":6},"end":{"line":43,"column":7}},"24":{"start":{"line":40,"column":8},"end":{"line":40,"column":38}},"25":{"start":{"line":42,"column":8},"end":{"line":42,"column":38}},"26":{"start":{"line":47,"column":0},"end":{"line":55,"column":2}},"27":{"start":{"line":48,"column":2},"end":{"line":48,"column":10}},"28":{"start":{"line":49,"column":2},"end":{"line":53,"column":3}},"29":{"start":{"line":50,"column":4},"end":{"line":50,"column":108}},"30":{"start":{"line":52,"column":4},"end":{"line":52,"column":32}},"31":{"start":{"line":54,"column":2},"end":{"line":54,"column":13}},"32":{"start":{"line":57,"column":0},"end":{"line":59,"column":2}},"33":{"start":{"line":58,"column":2},"end":{"line":58,"column":51}},"34":{"start":{"line":61,"column":0},"end":{"line":66,"column":2}},"35":{"start":{"line":62,"column":2},"end":{"line":64,"column":3}},"36":{"start":{"line":63,"column":4},"end":{"line":63,"column":16}},"37":{"start":{"line":65,"column":2},"end":{"line":65,"column":13}},"38":{"start":{"line":68,"column":0},"end":{"line":76,"column":2}},"39":{"start":{"line":69,"column":2},"end":{"line":69,"column":20}},"40":{"start":{"line":70,"column":2},"end":{"line":74,"column":3}},"41":{"start":{"line":71,"column":4},"end":{"line":73,"column":7}},"42":{"start":{"line":72,"column":6},"end":{"line":72,"column":31}},"43":{"start":{"line":75,"column":2},"end":{"line":75,"column":18}},"44":{"start":{"line":78,"column":0},"end":{"line":88,"column":2}},"45":{"start":{"line":79,"column":2},"end":{"line":79,"column":20}},"46":{"start":{"line":80,"column":2},"end":{"line":86,"column":3}},"47":{"start":{"line":81,"column":4},"end":{"line":85,"column":7}},"48":{"start":{"line":82,"column":6},"end":{"line":84,"column":7}},"49":{"start":{"line":83,"column":8},"end":{"line":83,"column":33}},"50":{"start":{"line":87,"column":2},"end":{"line":87,"column":18}},"51":{"start":{"line":91,"column":0},"end":{"line":106,"column":2}},"52":{"start":{"line":92,"column":2},"end":{"line":105,"column":3}},"53":{"start":{"line":93,"column":4},"end":{"line":93,"column":53}},"54":{"start":{"line":94,"column":4},"end":{"line":104,"column":5}},"55":{"start":{"line":95,"column":6},"end":{"line":95,"column":28}},"56":{"start":{"line":96,"column":6},"end":{"line":96,"column":33}},"57":{"start":{"line":97,"column":6},"end":{"line":103,"column":7}},"58":{"start":{"line":98,"column":8},"end":{"line":98,"column":43}},"59":{"start":{"line":99,"column":8},"end":{"line":101,"column":9}},"60":{"start":{"line":100,"column":10},"end":{"line":100,"column":17}},"61":{"start":{"line":102,"column":8},"end":{"line":102,"column":24}},"62":{"start":{"line":109,"column":0},"end":{"line":124,"column":2}},"63":{"start":{"line":110,"column":2},"end":{"line":110,"column":46}},"64":{"start":{"line":111,"column":2},"end":{"line":113,"column":3}},"65":{"start":{"line":112,"column":4},"end":{"line":112,"column":16}},"66":{"start":{"line":114,"column":2},"end":{"line":119,"column":8}},"67":{"start":{"line":120,"column":2},"end":{"line":122,"column":5}},"68":{"start":{"line":121,"column":4},"end":{"line":121,"column":94}},"69":{"start":{"line":123,"column":2},"end":{"line":123,"column":14}},"70":{"start":{"line":127,"column":0},"end":{"line":129,"column":2}},"71":{"start":{"line":128,"column":2},"end":{"line":128,"column":58}},"72":{"start":{"line":140,"column":0},"end":{"line":153,"column":2}},"73":{"start":{"line":141,"column":2},"end":{"line":141,"column":41}},"74":{"start":{"line":142,"column":2},"end":{"line":142,"column":31}},"75":{"start":{"line":143,"column":2},"end":{"line":143,"column":29}},"76":{"start":{"line":144,"column":2},"end":{"line":151,"column":3}},"77":{"start":{"line":145,"column":4},"end":{"line":145,"column":26}},"78":{"start":{"line":146,"column":4},"end":{"line":150,"column":5}},"79":{"start":{"line":147,"column":6},"end":{"line":147,"column":19}},"80":{"start":{"line":149,"column":6},"end":{"line":149,"column":13}},"81":{"start":{"line":152,"column":2},"end":{"line":152,"column":13}},"82":{"start":{"line":165,"column":0},"end":{"line":179,"column":2}},"83":{"start":{"line":166,"column":2},"end":{"line":166,"column":41}},"84":{"start":{"line":167,"column":2},"end":{"line":167,"column":31}},"85":{"start":{"line":168,"column":2},"end":{"line":168,"column":29}},"86":{"start":{"line":169,"column":2},"end":{"line":169,"column":25}},"87":{"start":{"line":170,"column":2},"end":{"line":176,"column":3}},"88":{"start":{"line":171,"column":4},"end":{"line":171,"column":24}},"89":{"start":{"line":172,"column":4},"end":{"line":174,"column":5}},"90":{"start":{"line":173,"column":6},"end":{"line":173,"column":21}},"91":{"start":{"line":175,"column":4},"end":{"line":175,"column":20}},"92":{"start":{"line":177,"column":2},"end":{"line":177,"column":26}},"93":{"start":{"line":178,"column":2},"end":{"line":178,"column":13}},"94":{"start":{"line":189,"column":0},"end":{"line":203,"column":2}},"95":{"start":{"line":190,"column":2},"end":{"line":190,"column":41}},"96":{"start":{"line":191,"column":2},"end":{"line":191,"column":31}},"97":{"start":{"line":192,"column":2},"end":{"line":192,"column":29}},"98":{"start":{"line":193,"column":2},"end":{"line":193,"column":25}},"99":{"start":{"line":194,"column":2},"end":{"line":200,"column":3}},"100":{"start":{"line":195,"column":4},"end":{"line":195,"column":24}},"101":{"start":{"line":196,"column":4},"end":{"line":198,"column":5}},"102":{"start":{"line":197,"column":6},"end":{"line":197,"column":19}},"103":{"start":{"line":199,"column":4},"end":{"line":199,"column":20}},"104":{"start":{"line":201,"column":2},"end":{"line":201,"column":27}},"105":{"start":{"line":202,"column":2},"end":{"line":202,"column":14}},"106":{"start":{"line":213,"column":0},"end":{"line":222,"column":2}},"107":{"start":{"line":214,"column":2},"end":{"line":214,"column":27}},"108":{"start":{"line":215,"column":2},"end":{"line":220,"column":3}},"109":{"start":{"line":216,"column":4},"end":{"line":219,"column":5}},"110":{"start":{"line":217,"column":6},"end":{"line":218,"column":30}},"111":{"start":{"line":218,"column":8},"end":{"line":218,"column":30}},"112":{"start":{"line":221,"column":2},"end":{"line":221,"column":16}}},"branchMap":{"1":{"line":15,"type":"if","locations":[{"start":{"line":15,"column":6},"end":{"line":15,"column":6}},{"start":{"line":15,"column":6},"end":{"line":15,"column":6}}]},"2":{"line":31,"type":"if","locations":[{"start":{"line":31,"column":2},"end":{"line":31,"column":2}},{"start":{"line":31,"column":2},"end":{"line":31,"column":2}}]},"3":{"line":34,"type":"if","locations":[{"start":{"line":34,"column":2},"end":{"line":34,"column":2}},{"start":{"line":34,"column":2},"end":{"line":34,"column":2}}]},"4":{"line":34,"type":"binary-expr","locations":[{"start":{"line":34,"column":5},"end":{"line":34,"column":10}},{"start":{"line":34,"column":14},"end":{"line":34,"column":26}}]},"5":{"line":39,"type":"if","locations":[{"start":{"line":39,"column":6},"end":{"line":39,"column":6}},{"start":{"line":39,"column":6},"end":{"line":39,"column":6}}]},"6":{"line":49,"type":"if","locations":[{"start":{"line":49,"column":2},"end":{"line":49,"column":2}},{"start":{"line":49,"column":2},"end":{"line":49,"column":2}}]},"7":{"line":62,"type":"if","locations":[{"start":{"line":62,"column":2},"end":{"line":62,"column":2}},{"start":{"line":62,"column":2},"end":{"line":62,"column":2}}]},"8":{"line":70,"type":"if","locations":[{"start":{"line":70,"column":2},"end":{"line":70,"column":2}},{"start":{"line":70,"column":2},"end":{"line":70,"column":2}}]},"9":{"line":80,"type":"if","locations":[{"start":{"line":80,"column":2},"end":{"line":80,"column":2}},{"start":{"line":80,"column":2},"end":{"line":80,"column":2}}]},"10":{"line":82,"type":"if","locations":[{"start":{"line":82,"column":6},"end":{"line":82,"column":6}},{"start":{"line":82,"column":6},"end":{"line":82,"column":6}}]},"11":{"line":92,"type":"if","locations":[{"start":{"line":92,"column":2},"end":{"line":92,"column":2}},{"start":{"line":92,"column":2},"end":{"line":92,"column":2}}]},"12":{"line":92,"type":"binary-expr","locations":[{"start":{"line":92,"column":6},"end":{"line":92,"column":17}},{"start":{"line":92,"column":21},"end":{"line":92,"column":46}}]},"13":{"line":94,"type":"if","locations":[{"start":{"line":94,"column":4},"end":{"line":94,"column":4}},{"start":{"line":94,"column":4},"end":{"line":94,"column":4}}]},"14":{"line":97,"type":"if","locations":[{"start":{"line":97,"column":6},"end":{"line":97,"column":6}},{"start":{"line":97,"column":6},"end":{"line":97,"column":6}}]},"15":{"line":99,"type":"if","locations":[{"start":{"line":99,"column":8},"end":{"line":99,"column":8}},{"start":{"line":99,"column":8},"end":{"line":99,"column":8}}]},"16":{"line":111,"type":"if","locations":[{"start":{"line":111,"column":2},"end":{"line":111,"column":2}},{"start":{"line":111,"column":2},"end":{"line":111,"column":2}}]},"17":{"line":146,"type":"if","locations":[{"start":{"line":146,"column":4},"end":{"line":146,"column":4}},{"start":{"line":146,"column":4},"end":{"line":146,"column":4}}]},"18":{"line":172,"type":"if","locations":[{"start":{"line":172,"column":4},"end":{"line":172,"column":4}},{"start":{"line":172,"column":4},"end":{"line":172,"column":4}}]},"19":{"line":196,"type":"if","locations":[{"start":{"line":196,"column":4},"end":{"line":196,"column":4}},{"start":{"line":196,"column":4},"end":{"line":196,"column":4}}]},"20":{"line":217,"type":"if","locations":[{"start":{"line":217,"column":6},"end":{"line":217,"column":6}},{"start":{"line":217,"column":6},"end":{"line":217,"column":6}}]}},"code":["'use strict';","","var BPromise = require('bluebird');","var URLSafeBase64 = require('urlsafe-base64');","var uuid = require('node-uuid');","var pwd = require('couch-pwd');","","exports.URLSafeUUID = function() {","  return URLSafeBase64.encode(uuid.v4(null, new Buffer(16)));","};","","exports.hashPassword = function (password) {","  return new BPromise(function (resolve, reject) {","    pwd.hash(password, function (err, salt, hash) {","      if (err) {","        return reject(err);","      }","      return resolve({","        salt: salt,","        derived_key: hash","      });","    });","  });","};","","exports.verifyPassword = function (hashObj, password) {","  var getHash = BPromise.promisify(pwd.hash, {context: pwd});","  var iterations = hashObj.iterations;","  var salt = hashObj.salt;","  var derived_key = hashObj.derived_key;","  if (iterations) {","    pwd.iterations(iterations);","  }","  if(!salt || !derived_key) {","    return BPromise.reject(false);","  }","  return getHash(password, salt)","    .then(function (hash) {","      if (hash === derived_key) {","        return BPromise.resolve(true);","      } else {","        return BPromise.reject(false);","      }","    });","};","","exports.getDBURL = function(db) {","  var url;","  if(db.user) {","    url = db.protocol + encodeURIComponent(db.user) + ':' + encodeURIComponent(db.password) + '@' + db.host;","  } else {","    url = db.protocol + db.host;","  }","  return url;","};","","exports.getFullDBURL = function(dbConfig, dbName) {","  return exports.getDBURL(dbConfig) + '/' + dbName;","};","","exports.toArray = function(obj) {","  if(!(obj instanceof Array)) {","    obj = [obj];","  }","  return obj;","};","","exports.getSessions = function(userDoc) {","  var sessions = [];","  if(userDoc.session) {","    Object.keys(userDoc.session).forEach(function(mySession) {","      sessions.push(mySession);","    });","  }","  return sessions;","};","","exports.getExpiredSessions = function(userDoc, now) {","  var sessions = [];","  if(userDoc.session) {","    Object.keys(userDoc.session).forEach(function(mySession) {","      if(userDoc.session[mySession].expires <= now) {","        sessions.push(mySession);","      }","    });","  }","  return sessions;","};","","// Takes a req object and returns the bearer token, or undefined if it is not found","exports.getSessionToken = function(req) {","  if (req.headers && req.headers.authorization) {","    var parts = req.headers.authorization.split(' ');","    if (parts.length == 2) {","      var scheme = parts[0];","      var credentials = parts[1];","      if (/^Bearer$/i.test(scheme)) {","        var parse = credentials.split(':');","        if(parse.length < 2) {","          return;","        }","        re
[...]
urityCloudant = exports.getSecurityCloudant = function (db) {","  var finalUrl = getSecurityUrl(db);","  return BPromise.fromNode(function(callback) {","    request.get(finalUrl)","      .set(db.getHeaders())","      .end(callback);","  })","    .then(function(res) {","      return BPromise.resolve(JSON.parse(res.text));","    });","};","","var putSecurityCloudant = exports.putSecurityCloudant = function (db, doc) {","  var finalUrl = getSecurityUrl(db);","  return BPromise.fromNode(function(callback) {","    request.put(finalUrl)","      .set(db.getHeaders())","      .send(doc)","      .end(callback);","  })","    .then(function(res) {","      return BPromise.resolve(JSON.parse(res.text));","    });","};","","function getSecurityUrl(db) {","  var parsedUrl = url.parse(db.getUrl());","  parsedUrl.pathname = parsedUrl.pathname + '_security';","  return url.format(parsedUrl);","}"],"l":{"2":1,"3":1,"4":1,"5":1,"8":1,"9":0,"13":1,"14":0,"18":1,"19":0,"22":1,"23":0,"24":0,"25":0,"27":0,"28":0,"30":0,"32":0,"33":0,"34":0,"37":0,"40":0,"42":0,"43":0,"45":0,"46":0,"48":0,"49":0,"51":0,"55":1,"57":0,"58":0,"60":0,"61":0,"62":0,"64":0,"65":0,"66":0,"67":0,"70":0,"71":0,"73":0,"78":1,"79":0,"80":0,"81":0,"82":0,"83":0,"88":0,"89":0,"90":0,"92":0,"97":1,"98":0,"99":0,"100":0,"105":0,"109":1,"110":0,"111":0,"112":0,"118":0,"122":1,"123":0,"124":0,"125":0}},"/home/travis/build/npmtest/node-npmtest-superlogin/node_modules/superlogin/lib/dbauth/couchdb.js":{"path":"/home/travis/build/npmtest/node-npmtest-superlogin/node_modules/superlogin/lib/dbauth/couchdb.js","s":{"1":1,"2":1,"3":1,"4":0,"5":0,"6":0,"7":0,"8":0,"9":0,"10":0,"11":0,"12":0,"13":0,"14":0,"15":0,"16":0,"17":0,"18":0,"19":0,"20":0,"21":0,"22":0,"23":0,"24":0,"25":0,"26":0,"27":0,"28":0,"29":0,"30":0,"31":0,"32":0,"33":0,"34":0,"35":0,"36":0,"37":0,"38":0,"39":0,"40":0,"41":0,"42":0,"43":0,"44":0,"45":0,"46":0,"47":0,"48":0,"49":0,"50":0,"51":0,"52":0,"53":0,"54":0,"55":0,"56":0,"57":0,"58":0,"59":0,"60":0,"61":0,"62":0,"63":0,"64":0,"65":0,"66":0,"67":0,"68":0,"69":0,"70":0,"71":0,"72":0,"73":0,"74":0,"75":0,"76":0,"77":0,"78":0,"79":0,"80":0,"81":0,"82":0,"83":0,"84":0,"85":0,"86":0,"87":0,"88":1,"89":0,"90":0},"b":{"1":[0,0],"2":[0,0],"3":[0,0],"4":[0,0],"5":[0,0],"6":[0,0],"7":[0,0],"8":[0,0],"9":[0,0],"10":[0,0],"11":[0,0],"12":[0,0],"13":[0,0],"14":[0,0],"15":[0,0],"16":[0,0],"17":[0,0],"18":[0,0],"19":[0,0],"20":[0,0],"21":[0,0]},"f":{"1":0,"2":0,"3":0,"4":0,"5":0,"6":0,"7":0,"8":0,"9":0,"10":0,"11":0,"12":0,"13":0,"14":0,"15":0,"16":0,"17":0,"18":0,"19":0},"fnMap":{"1":{"name":"(anonymous_1)","line":5,"loc":{"start":{"line":5,"column":17},"end":{"line":5,"column":39}}},"2":{"name":"(anonymous_2)","line":7,"loc":{"start":{"line":7,"column":18},"end":{"line":7,"column":69}}},"3":{"name":"(anonymous_3)","line":25,"loc":{"start":{"line":25,"column":12},"end":{"line":25,"column":24}}},"4":{"name":"(anonymous_4)","line":31,"loc":{"start":{"line":31,"column":20},"end":{"line":31,"column":35}}},"5":{"name":"(anonymous_5)","line":35,"loc":{"start":{"line":35,"column":17},"end":{"line":35,"column":31}}},"6":{"name":"(anonymous_6)","line":40,"loc":{"start":{"line":40,"column":12},"end":{"line":40,"column":30}}},"7":{"name":"(anonymous_7)","line":41,"loc":{"start":{"line":41,"column":29},"end":{"line":41,"column":43}}},"8":{"name":"(anonymous_8)","line":59,"loc":{"start":{"line":59,"column":22},"end":{"line":59,"column":60}}},"9":{"name":"(anonymous_9)","line":62,"loc":{"start":{"line":62,"column":12},"end":{"line":62,"column":30}}},"10":{"name":"(anonymous_10)","line":75,"loc":{"start":{"line":75,"column":27},"end":{"line":75,"column":42}}},"11":{"name":"(anonymous_11)","line":81,"loc":{"start":{"line":81,"column":28},"end":{"line":81,"column":43}}},"12":{"name":"(anonymous_12)","line":95,"loc":{"start":{"line":95,"column":23},"end":{"line":95,"column":52}}},"13":{"name":"(anonymous_13)","line":100,"loc":{"start":{"line":100,"column":32},"end":{"line":100,"column":49}}},"14":{"name":"(anonymous_14)","line":108,"loc":{"start":{"line":108,"column":12},"end":{"line":108,"column":27}}},"15":{"name":"(anonymous_15)","line":117,"loc":{"start":{"line":117,"column":21},"end":{"line":117,"column":36}}},"16":{"name":"(anonymous_16)","line":132,"loc":{"start":{"line":132,"column":25},"end":{"line":132,"column":45}}},"17":{"name":"(anonymous_17)","line":136,"loc":{"start":{"line":136,"column":12},"end":{"line":136,"column":27}}},"18":{"name":"(anonymous_18)","line":142,"loc":{"start":{"line":142,"column":21},"end":{"line":142,"column":36}}},"19":{"name":"putSecurityCouch","line":157,"loc":{"start":{"line":157,"column":2},"end":{"line":157,"column":37}}}},"statementMap":{"1":{"start":{"line":2,"column":0},"end":{"line":2,"column":35}},"2":{"start":{"line":3,"column":0},"end":{"line":3,"column":30}},"3":{"start":{"line":5,"column":0},"end":{"line":167,"column":2}},"4":{"start":{"line":7,"column":2},"end":{"line":29,"column":4}},"5":{"start":{"line":8,"column":4},"end":{"line":13,"column":5}},"6":{"start":{"line":10,"column":6},"end":{"line":10,"column":29}},"7":{"start":{"line":12,"column":6},"end":{"line":12,"column":17}},"8":{"start":{"line":14,"column":4},"end":{"line":14,"column":38}},"9":{"start":{"line":15,"column":4},"end":{"line":23,"column":6}},"10":{"start":{"line":24,"column":4},"end":{"line":28,"column":9}},"11":{"start":{"line":26,"column":8},"end":{"line":26,"column":25}},"12":{"start":{"line":27,"column":8},"end":{"line":27,"column":40}},"13":{"start":{"line":31,"column":2},"end":{"line":57,"column":4}},"14":{"start":{"line":32,"column":4},"end":{"line":32,"column":30}},"15":{"start":{"line":33,"column":4},"end":{"line":33,"column":21}},"16":{"start":{"line":35,"column":4},"end":{"line":37,"column":7}},"17":{"start":{"line":36,"column":6},"end":{"line":36,"column":46}},"18":{"start":{"line":38,"column":4},"end":{"line":38,"column":22}},"19":{"start":{"line":39,"column":4},"end":{"line":56,"column":9}},"20":{"start":{"line":41,"column":8},"end":{"line":50,"column":11}},"21":{"start":{"line":42,"column":10},"end":{"line":49,"column":11}},"22":{"start":{"line":43,"column":12},"end":{"line":47,"column":14}},"23":{"start":{"line":48,"column":12},"end":{"line":48,"column":36}},"24":{"start":{"line":51,"column":8},"end":{"line":55,"column":9}},"25":{"start":{"line":52,"column":10},"end":{"line":52,"column":48}},"26":{"start":{"line":54,"column":10},"end":{"line":54,"column":41}},"27":{"start":{"line":59,"column":2},"end":{"line":93,"column":4}},"28":{"start":{"line":60,"column":4},"end":{"line":60,"column":24}},"29":{"start":{"line":61,"column":4},"end":{"line":92,"column":9}},"30":{"start":{"line":63,"column":8},"end":{"line":65,"column":9}},"31":{"start":{"line":64,"column":10},"end":{"line":64,"column":49}},"32":{"start":{"line":66,"column":8},"end":{"line":68,"column":9}},"33":{"start":{"line":67,"column":10},"end":{"line":67,"column":35}},"34":{"start":{"line":69,"column":8},"end":{"line":71,"column":9}},"35":{"start":{"line":70,"column":10},"end":{"line":70,"column":50}},"36":{"start":{"line":72,"column":8},"end":{"line":74,"column":9}},"37":{"start":{"line":73,"column":10},"end":{"line":73,"column":35}},"38":{"start":{"line":75,"column":8},"end":{"line":80,"column":11}},"39":{"start":{"line":76,"column":10},"end":{"line":79,"column":11}},"40":{"start":{"line":77,"column":12},"end":{"line":77,"column":27}},"41":{"start":{"line":78,"column":12},"end":{"line":78,"column":43}},"42":{"start":{"line":81,"column":8},"end":{"line":86,"column":11}},"43":{"start":{"line":82,"column":10},"end":{"line":85,"column":11}},"44":{"start":{"line":83,"column":12},"end":{"line":83,"column":27}},"45":{"start":{"line":84,"column":12},"end":{"line":84,"column":44}},"46":{"start":{"line":87,"column":8},"end":{"line":91,"column":9}},"47":{"start":{"line":88,"column":10},"end":{"line":88,"column":46}},"48":{"start":{"line":90,"column":10},"end":{"line":90,"column":41}},"49":{"start":{"line":95,"column":2},"end":{"line":130,"column":4}},"50":{"start":{"line":96,"column":4},"end":{"line":96,"column":15}},"51":{"start":{"line":98,"column":4},"end":{"line":104,"column":5}},"52":{"start":{"line":99,"column":6},"end":{"line":99,"column":23}},"53":{"start":{"line":100,"column":6},"end":{"line":102,"column":9}},"54":{"start":{"line":101,"column":8},"end":{"line":101,"column":29}},"55":{"start":{"line":103,"column":6},"end":{"line":103,"column":21}},"56":{"start":{"line":106,"column":4},"end":{"line":106,"column":30}},"57":{"start":{"line":107,"column":4},"end":{"line":129,"column":9}},"58":{"start":{"line":109,"column":8},"end":{"line":109,"column":21}},"59":{"start":{"line":110,"column":8},"end":{"line":112,"column":9}},"60":{"start":{"line":111,"column":10},"end":{"line":111,"column":50}},"61":{"start":{"line":113,"column":8},"end":{"line":115,"column":9}},"62":{"start":{"line":114,"column":10},"end":{"line":114,"column":36}},"63":{"start":{"line":116,"column":8},"end":{"line":116,"column":28}},"64":{"start":{"line":117,"column":8},"end":{"line":123,"column":11}},"65":{"start":{"line":118,"column":10},"end":{"line":118,"column":56}},"66":{"start":{"line":119,"column":10},"end":{"line":122,"column":11}},"67":{"start":{"line":120,"column":12},"end":{"line":120,"column":43}},"68":{"start":{"line":121,"column":12},"end":{"line":121,"column":27}},"69":{"start":{"line":124,"column":8},"end":{"line":128,"column":9}},"70":{"start":{"line":125,"column":10},"end":{"line":125,"column":46}},"71":{"start":{"line":127,"column":10},"end":{"line":127,"column":41}},"72":{"start":{"line":132,"column":2},"end":{"line":155,"column":4}},"73":{"start":{"line":133,"column":4},"end":{"line":133,"column":15}},"74":{"start":{"line":134,"column":4},"end":{"line":134,"column":30}},"75":{"start":{"line":135,"column":4},"end":{"line":154,"column":9}},"76":{"start":{"line":137,"column":8},"end":{"line":137,"column":21}},"77":{"start":{"line":138,"column":8},"end":{"line":140,"column":9}},"78":{"start":{"line":139,"column":10},"end":{"line":139,"column":41}},"79":{"start":{"line":141,"column":8},"end":{"line":141,"column":28}},"80":{"start":{"line":142,"column":8},"end":{"line":148,"column":11}},"81":{"start":{"line":143,"column":10},"end":{"line":143,"column":56}},"82":{"start":{"line":144,"column":10},"end":{"line":147,"column":11}},"83":{"start":{"line":145,"column":12},"end":{"line":145,"column":50}},"84":{"start":{"line":146,"column":12},"end":{"line":146,"column":27}},"85":{"start":{"line":149,"column":8},"end":{"line":153,"column":9}},"86":{"start":{"line":150,"column":10},"end":{"line":150,"column":46}},"87":{"start":{"line":152,"column":10},"end":{"line":152,"column":41}},"88":{"start":{"line":157,"column":2},"end":{"line":163,"column":3}},"89":{"start":{"line":158,"column":4},"end":{"line":162,"column":7}},"90":{"start":{"line":165,"column":2},"end":{"line":165,"column":14}}},"branchMap":{"1":{"line":8,"type":"if","locations":[{"start":{"line":8,"column":4},"end":{"line":8,"column":4}},{"start":{"line":8,"column":4},"end":{"line":8,"column":4}}]},"2":{"line":42,"type":"if","locations":[{"start":{"line":42,"column":10},"end":{"line":42,"column":10}},{"start":{"line":42,"column":10},"end":{"line":42,"column":10}}]},"3":{"line":42,"type":"binary-expr","locations":[{"start":{"line":42,"column":13},"end":{"line":42,"column":23}},{"start":{"line":42,"column":27},"end":{"line":42,"column":45}}]},"4":{"line":51,"type":"if","locations":[{"start":{"line":51,"column":8},"end":{"line":51,"column":8}},{"start":{"line":51,"column":8},"end":{"line":51,"column":8}}]},"5":{"line":63,"type":"if","locations":[{"start":{"line":63,"column":8},"end":{"line":63,"column":8}},{"start":{"line":63,"column":8},"end":{"line":63,"column":8}}]},"6":{"line":66,"type":"if","locations":[{"start":{"line":66,"column":8},"end":{"line":66,"column":8}},{"start":{"line":66,"column":8},"end":{"line":66,"column":8}}]},"7":{"line":69,"type":"if","locations":[{"start":{"line":69,"column":8},"end":{"line":69,"column":8}},{"start":{"line":69,"column":8},"end":{"line":69,"column":8}}]},"8":{"line":72,"type":"if","locations":[{"start":{"line":72,"column":8},"end":{"line":72,"column":8}},{"start":{"line":72,"column":8},"end":{"line":72,"column":8}}]},"9":{"line":76,"type":"if","locations":[{"start":{"line":76,"column":10},"end":{"line":76,"column":10}},{"start":{"line":76,"column":10},"end":{"line":76,"column":10}}]},"10":{"line":82,"type":"if","locations":[{"start":{"line":82,"column":10},"end":{"line":82,"column":10}},{"start":{"line":82,"column":10},"end":{"line":82,"column":10}}]},"11":{"line":87,"type":"if","locations":[{"start":{"line":87,"column":8},"end":{"line":87,"column":8}},{"start":{"line":87,"column":8},"end":{"line":87,"column":8}}]},"12":{"line":98,"type":"if","locations":[{"start":{"line":98,"column":4},"end":{"line":98,"column":4}},{"start":{"line":98,"column":4},"end":{"line":98,"column":4}}]},"13":{"line":98,"type":"binary-expr","locations":[{"start":{"line":98,"column":7},"end":{"line":98,"column":31}},{"start":{"line":98,"column":35},"end":{"line":98,"column":59}}]},"14":{"line":110,"type":"if","locations":[{"start":{"line":110,"column":8},"end":{"line":110,"column":8}},{"start":{"line":110,"column":8},"end":{"line":110,"column":8}}]},"15":{"line":113,"type":"if","locations":[{"start":{"line":113,"column":8},"end":{"line":113,"column":8}},{"start":{"line":113,"column":8},"end":{"line":113,"column":8}}]},"16":{"line":119,"type":"if","locations":[{"start":{"line":119,"column":10},"end":{"line":119,"column":10}},{"start":{"line":119,"column":10},"end":{"line":119,"column":10}}]},"17":{"line":124,"type":"if","locations":[{"start":{"line":124,"column":8},"end":{"line":124,"column":8}},{"start":{"line":124,"column":8},"end":{"line":124,"column":8}}]},"18":{"line":138,"type":"if","locations":[{"start":{"line":138,"column":8},"end":{"line":138,"column":8}},{"start":{"line":138,"column":8},"end":{"line":138,"column":8}}]},"19":{"line":138,"type":"binary-expr","locations":[{"start":{"line":138,"column":12},"end":{"line":138,"column":27}},{"start":{"line":138,"column":31},"end":{"line":138,"column":52}}]},"20":{"line":144,"type":"if","locations":[{"start":{"line":144,"column":10},"end":{"line":144,"column":10}},{"start":{"line":144,"column":10},"end":{"line":144,"column":10}}]},"21":{"line":149,"type":"if","locations":[{"start":{"line":149,"column":8},"end":{"line":149,"column":8}},{"start":{"line":149,"column":8},"end":{"line":149,"column":8}}]}},"code":["'use strict';","var BPromise = require('bluebird');","var util = require('../util');","","module.exports = function(couchAuthDB) {","","  this.storeKey = function (username, key, password, expires, roles) {","    if(roles instanceof Array) {","      // Clone roles to not overwrite original","      roles = roles.slice(0);","    } else {","      roles = [];","    }","    roles.unshift('user:' + username);","    var newKey = {","      _id: 'org.couchdb.user:' + key,","      type: 'user',","      name: key,","      user_id: username,","      password: password,","      expires: expires,","      roles: roles","    };","    return couchAuthDB.put(newKey)","      .then(function () {","        newKey._id = key;","        return BPromise.resolve(newKey);","      });","  };","","  this.removeKeys = function(keys) {","    keys = util.toArray(keys);","    var keylist = [];","    // Transform the list to contain the CouchDB _user ids","    keys.forEach(function(key) {","      keylist.push('org.couchdb.user:' + key);","    });","    var toDelete = [];","    return couchAuthDB.allDocs({keys: keylist})","      .then(function(keyDocs) {","        keyDocs.rows.forEach(function(row) {","          if(!row.error && !row.value.deleted) {","            var deletion = {","              _id: row.id,","              _rev: row.value.rev,","              _deleted: true","            };","            toDelete.push(deletion);","          }","        });","        if(toDelete.length) {","          return couchAuthDB.bulkDocs(toDelete);","        } else {","          return BPromise.resolve(false);","        }","      });","  };","","  this.initSecurity = function(db, adminRoles, memberRoles) {","    var changes = false;","    return db.get('_security')","      .then(function (secDoc) {","        if (!secDoc.admins) {","          secDoc.admins = {names: [], roles: []};","        }","        if (!secDoc.admins.roles) {","          secDoc.admins.roles = [];","        }","        if (!secDoc.members) {","          secDoc.members = {names: [], roles: []};","        }","        if (!secDoc.members.roles) {","          secDoc.admins.roles = [];","        }","        adminRoles.forEach(function(role) {","          if(secDoc.admins.roles.indexOf(role) === -1) {","            changes = true;","            secDoc.admins.roles.push(role);","          }","        });","        memberRoles.forEach(function(role) {","          if(secDoc.members.roles.indexOf(role) === -1) {","            changes = true;","            secDoc.members.roles.push(role);","          }","        });","        if(changes) {","          return putSecurityCouch(db, secDoc);","        } else {","          return BPromise.resolve(false);","        }","      });","  };","","  this.authorizeKeys = function (user_id, db, keys) {","    var secDoc;","    // Check if keys is an object and convert it to an array","    if(typeof keys === 'object' && !(keys instanceof Array)) {","      var keysArr = [];","      Object.keys(keys).forEach(function(theKey) {","        keysArr.push(theKey);","      });","      keys = keysArr;","    }","    // Convert keys to an array if it is just a string","    keys = util.toArray(keys);","    return db.get('_security')","      .then(function (doc) {","        secDoc = doc;","        if (!secDoc.members) {","          secDoc.members = {names: [], roles: []};","        }","        if (!secDoc.members.names) {","          secDoc.members.names = [];","        }","        var changes = false;","        keys.forEach(function (key) {","          var index = secDoc.members.names.indexOf(key);","          if (index === -1) {","            secDoc.members.names.push(key);","            changes = true;","          }","        });","        if (changes) {","          return putSecurityCouch(db, secDoc);","        } else {","          return BPromise.resolve(false);","        }","      });","  };","","  this.deauthorizeKeys = function (db, keys) {","    var secDoc;","    keys = util.toArray(keys);","    return db.get('_security')","      .then(function (doc) {","        secDoc = doc;","        if (!secDoc.members || !secDoc.members.names) {","          return BPromise.resolve(false);","        }","        var changes = false;","        keys.forEach(function (key) {","          var index = secDoc.members.names.indexOf(key);","          if (index > -1) {","            secDoc.members.names.splice(index, 1);","            changes = true;","          }","        });","        if (changes) {","          return putSecurityCouch(db, secDoc);","        } else {","          return BPromise.resolve(false);","        }","      });","  };","","  function putSecurityCouch(db, doc) {","    return db.request({","      method: 'PUT',","      url: '_security',","      body: doc","    });","  }","","  return this;","","};","",""],"l":{"2":1,"3":1,"5":1,"7":0,"8":0,"10":0,"12":0,"14":0,"15":0,"24":0,"26":0,"27":0,"31":0,"32":0,"33":0,"35":0,"36":0,"38":0,"39":0,"41":0,"42":0,"43":0,"48":0,"51":0,"52":0,"54":0,"59":0,"60":0,"61":0,"63":0,"64":0,"66":0,"67":0,"69":0,"70":0,"72":0,"73":0,"75":0,"76":0,"77":0,"78":0,"81":0,"82":0,"83":0,"84":0,"87":0,"88":0,"90":0,"95":0,"96":0,"98":0,"99":0,"100":0,"101":0,"103":0,"106":0,"107":0,"109":0,"110":0,"111":0,"113":0,"114":0,"116":0,"117":0,"118":0,"119":0,"120":0,"121":0,"124":0,"125":0,"127":0,"132":0,"133":0,"134":0,"135":0,"137":0,"138":0,"139":0,"141":0,"142":0,"143":0,"144":0,"145":0,"146":0,"149":0,"150":0,"152":0,"157":1,"158":0,"165":0}}}